<?xml version="1.0" encoding="UTF-8"?>
<testsuite xmlns:xsi="http://www.w3.org/2001/XMLSchema-instance" xsi:noNamespaceSchemaLocation="https://maven.apache.org/surefire/maven-failsafe-plugin/xsd/failsafe-test-report-3.0.xsd" version="3.0" name="starter.CucumberTestSuite" time="16.861" tests="3" errors="0" skipped="0" failures="0">
  <properties>
[...]
</properties>
  <testcase name="As user i have be able to success login" classname="login" time="8.552">
    <system-out><![CDATA[22:22:28.607 [main] DEBUG net.thucydides.core.guice.Injectors - Created injector for module net.thucydides.core.guice.ThucydidesModule
22:22:28.919 [main] DEBUG io.cucumber.core.plugin.SerenityReporter - Running feature from file:///Users/wiyanherraherviana/TaskWebTesting/src/test/resources/features/Login.feature
22:22:29.110 [main] DEBUG net.thucydides.core.guice.Injectors - Created injector for module net.thucydides.core.guice.webdriver.WebDriverModule
22:22:29.132 [main] INFO  - 

-------------------------------------------------------------------------------------
     _______. _______ .______       _______ .__   __.  __  .___________.____    ____ 
    /       ||   ____||   _  \     |   ____||  \ |  | |  | |           |\   \  /   / 
   |   (----`|  |__   |  |_)  |    |  |__   |   \|  | |  | `---|  |----` \   \/   /  
    \   \    |   __|  |      /     |   __|  |  . `  | |  |     |  |       \_    _/   
.----)   |   |  |____ |  |\  \----.|  |____ |  |\   | |  |     |  |         |  |     
|_______/    |_______|| _| `._____||_______||__| \__| |__|     |__|         |__|    
                                                                                     
 News and tutorials at http://www.serenity-bdd.info                                  
 Documentation at https://wakaleo.gitbooks.io/the-serenity-book/content/             
 Join the Serenity Community on Gitter: https://gitter.im/serenity-bdd/serenity-core 
 Serenity BDD Support and Training at http://serenity-bdd.info/#/trainingandsupport  
-------------------------------------------------------------------------------------

22:22:29.136 [main] DEBUG net.thucydides.core.steps.StepEventBus - Test suite started for story net.thucydides.core.model.Story@23282f08
22:22:29.140 [main] INFO  - Test Suite Started: Login
22:22:29.162 [main] DEBUG io.cucumber.core.plugin.SerenityReporter - Running feature from file:///Users/wiyanherraherviana/TaskWebTesting/src/test/resources/features/Login.feature
22:22:29.166 [main] DEBUG net.thucydides.core.steps.StepEventBus - Test suite started for story net.thucydides.core.model.Story@23282f08
22:22:29.167 [main] INFO  - Test Suite Started: Login

@login @userA
Scenario: As user i have be able to success login &amp#27;[90m# src/test/resources/features/Login.feature:8&amp#27;[0m
22:22:29.270 [main] DEBUG io.cucumber.core.plugin.SerenityReporter - Running feature from file:///Users/wiyanherraherviana/TaskWebTesting/src/test/resources/features/Login.feature
22:22:29.426 [main] INFO  - 
  _____   ___   ___   _____     ___   _____     _     ___   _____   ___   ___  
 |_   _| | __| / __| |_   _|   / __| |_   _|   /_\   | _ \ |_   _| | __| |   \ 
   | |   | _|  \__ \   | |     \__ \   | |    / _ \  |   /   | |   | _|  | |) |
   |_|   |___| |___/   |_|     |___/   |_|   /_/ \_\ |_|_\   |_|   |___| |___/ 

As user i have be able to success login(login;as-user-i-have-be-able-to-success-login)
--------------------------------------------------------------------------------
22:22:29.480 [main] DEBUG net.thucydides.core.requirements.model.cucumber.CucumberParser - Loading feature /Users/wiyanherraherviana/TaskWebTesting/src/test/resources/features/Login.feature
22:22:30.437 [main] INFO net.serenitybdd.core.webdriver.driverproviders.ChromeDriverProvider - Starting Chrome driver instance with capabilities:
22:22:30.439 [main] INFO net.serenitybdd.core.webdriver.driverproviders.ChromeDriverProvider - Capabilities {acceptInsecureCerts: false, browserName: chrome, goog:chromeOptions: {args: [remote-allow-origins=*], extensions: []}}
22:22:30.827 [main] DEBUG io.netty.util.internal.logging.InternalLoggerFactory - Using SLF4J as the default logging framework
22:22:30.829 [main] DEBUG io.netty.util.ResourceLeakDetector - -Dio.netty.leakDetection.level: simple
22:22:30.829 [main] DEBUG io.netty.util.ResourceLeakDetector - -Dio.netty.leakDetection.targetRecords: 4
22:22:30.833 [main] DEBUG io.netty.util.ResourceLeakDetectorFactory - Loaded default ResourceLeakDetector: io.netty.util.ResourceLeakDetector@2ca54da9
22:22:30.851 [main] DEBUG io.netty.util.internal.PlatformDependent0 - -Dio.netty.noUnsafe: false
22:22:30.851 [main] DEBUG io.netty.util.internal.PlatformDependent0 - Java version: 19
22:22:30.852 [main] DEBUG io.netty.util.internal.PlatformDependent0 - sun.misc.Unsafe.theUnsafe: available
22:22:30.853 [main] DEBUG io.netty.util.internal.PlatformDependent0 - sun.misc.Unsafe.copyMemory: available
22:22:30.853 [main] DEBUG io.netty.util.internal.PlatformDependent0 - sun.misc.Unsafe.storeFence: available
22:22:30.854 [main] DEBUG io.netty.util.internal.PlatformDependent0 - java.nio.Buffer.address: available
22:22:30.855 [main] DEBUG io.netty.util.internal.PlatformDependent0 - direct buffer constructor: unavailable: Reflective setAccessible(true) disabled
22:22:30.855 [main] DEBUG io.netty.util.internal.PlatformDependent0 - java.nio.Bits.unaligned: available, true
22:22:30.857 [main] DEBUG io.netty.util.internal.PlatformDependent0 - jdk.internal.misc.Unsafe.allocateUninitializedArray(int): unavailable: class io.netty.util.internal.PlatformDependent0$7 cannot access class jdk.internal.misc.Unsafe (in module java.base) because module java.base does not export jdk.internal.misc to unnamed module @4470f8a6
22:22:30.858 [main] DEBUG io.netty.util.internal.PlatformDependent0 - java.nio.DirectByteBuffer.<init>(long, int): unavailable
22:22:30.858 [main] DEBUG io.netty.util.internal.PlatformDependent - sun.misc.Unsafe: available
22:22:30.860 [main] DEBUG io.netty.util.internal.PlatformDependent - maxDirectMemory: 4294967296 bytes (maybe)
22:22:30.860 [main] DEBUG io.netty.util.internal.PlatformDependent - -Dio.netty.tmpdir: /var/folders/zg/r8j_rgh52cb8w959rfz7lh8h0000gn/T (java.io.tmpdir)
22:22:30.860 [main] DEBUG io.netty.util.internal.PlatformDependent - -Dio.netty.bitMode: 64 (sun.arch.data.model)
22:22:30.860 [main] DEBUG io.netty.util.internal.PlatformDependent - Platform: MacOS
22:22:30.861 [main] DEBUG io.netty.util.internal.PlatformDependent - -Dio.netty.maxDirectMemory: -1 bytes
22:22:30.861 [main] DEBUG io.netty.util.internal.PlatformDependent - -Dio.netty.uninitializedArrayAllocationThreshold: -1
22:22:30.862 [main] DEBUG io.netty.util.internal.CleanerJava9 - java.nio.ByteBuffer.cleaner(): available
22:22:30.862 [main] DEBUG io.netty.util.internal.PlatformDependent - -Dio.netty.noPreferDirect: false
22:22:30.874 [main] DEBUG io.netty.util.internal.PlatformDependent - org.jctools-core.MpscChunkedArrayQueue: available
22:22:30.892 [main] DEBUG io.netty.util.internal.InternalThreadLocalMap - -Dio.netty.threadLocalMap.stringBuilder.initialSize: 1024
22:22:30.892 [main] DEBUG io.netty.util.internal.InternalThreadLocalMap - -Dio.netty.threadLocalMap.stringBuilder.maxSize: 4096
22:22:31.075 [main] DEBUG io.netty.handler.ssl.JdkSslContext - Default protocols (JDK): [TLSv1.3, TLSv1.2] 
22:22:31.075 [main] DEBUG io.netty.handler.ssl.JdkSslContext - Default cipher suites (JDK): [TLS_ECDHE_ECDSA_WITH_AES_256_GCM_SHA384, TLS_ECDHE_ECDSA_WITH_AES_128_GCM_SHA256, TLS_ECDHE_RSA_WITH_AES_128_GCM_SHA256, TLS_ECDHE_RSA_WITH_AES_256_GCM_SHA384, TLS_ECDHE_RSA_WITH_AES_128_CBC_SHA, TLS_ECDHE_RSA_WITH_AES_256_CBC_SHA, TLS_RSA_WITH_AES_128_GCM_SHA256, TLS_RSA_WITH_AES_128_CBC_SHA, TLS_RSA_WITH_AES_256_CBC_SHA, TLS_AES_128_GCM_SHA256, TLS_AES_256_GCM_SHA384]
22:22:31.109 [main] DEBUG io.netty.channel.MultithreadEventLoopGroup - -Dio.netty.eventLoopThreads: 16
22:22:31.120 [main] DEBUG io.netty.channel.nio.NioEventLoop - -Dio.netty.noKeySetOptimization: false
22:22:31.120 [main] DEBUG io.netty.channel.nio.NioEventLoop - -Dio.netty.selectorAutoRebuildThreshold: 512
22:22:31.146 [main] DEBUG io.netty.buffer.PooledByteBufAllocator - -Dio.netty.allocator.numHeapArenas: 16
22:22:31.146 [main] DEBUG io.netty.buffer.PooledByteBufAllocator - -Dio.netty.allocator.numDirectArenas: 16
22:22:31.146 [main] DEBUG io.netty.buffer.PooledByteBufAllocator - -Dio.netty.allocator.pageSize: 8192
22:22:31.146 [main] DEBUG io.netty.buffer.PooledByteBufAllocator - -Dio.netty.allocator.maxOrder: 9
22:22:31.146 [main] DEBUG io.netty.buffer.PooledByteBufAllocator - -Dio.netty.allocator.chunkSize: 4194304
22:22:31.146 [main] DEBUG io.netty.buffer.PooledByteBufAllocator - -Dio.netty.allocator.smallCacheSize: 256
22:22:31.146 [main] DEBUG io.netty.buffer.PooledByteBufAllocator - -Dio.netty.allocator.normalCacheSize: 64
22:22:31.146 [main] DEBUG io.netty.buffer.PooledByteBufAllocator - -Dio.netty.allocator.maxCachedBufferCapacity: 32768
22:22:31.146 [main] DEBUG io.netty.buffer.PooledByteBufAllocator - -Dio.netty.allocator.cacheTrimInterval: 8192
22:22:31.146 [main] DEBUG io.netty.buffer.PooledByteBufAllocator - -Dio.netty.allocator.cacheTrimIntervalMillis: 0
22:22:31.146 [main] DEBUG io.netty.buffer.PooledByteBufAllocator - -Dio.netty.allocator.useCacheForAllThreads: false
22:22:31.146 [main] DEBUG io.netty.buffer.PooledByteBufAllocator - -Dio.netty.allocator.maxCachedByteBuffersPerChunk: 1023
22:22:31.157 [main] DEBUG io.netty.buffer.ByteBufUtil - -Dio.netty.allocator.type: pooled
22:22:31.158 [main] DEBUG io.netty.buffer.ByteBufUtil - -Dio.netty.threadLocalDirectBufferSize: 0
22:22:31.158 [main] DEBUG io.netty.buffer.ByteBufUtil - -Dio.netty.maxThreadLocalCharBufferSize: 16384
22:22:31.411 [Forwarding newSession on session null to remote] DEBUG io.netty.channel.DefaultChannelId - -Dio.netty.processId: 9264 (auto-detected)
22:22:31.413 [Forwarding newSession on session null to remote] DEBUG io.netty.util.NetUtil - -Djava.net.preferIPv4Stack: false
22:22:31.414 [Forwarding newSession on session null to remote] DEBUG io.netty.util.NetUtil - -Djava.net.preferIPv6Addresses: false
22:22:31.419 [Forwarding newSession on session null to remote] DEBUG io.netty.util.NetUtilInitializations - Loopback interface: lo0 (lo0, 0:0:0:0:0:0:0:1%lo0)
22:22:31.420 [Forwarding newSession on session null to remote] DEBUG io.netty.util.NetUtil - Failed to get SOMAXCONN from sysctl and file /proc/sys/net/core/somaxconn. Default: 128
22:22:31.421 [Forwarding newSession on session null to remote] DEBUG io.netty.channel.DefaultChannelId - -Dio.netty.machineId: ac:de:48:ff:fe:00:11:22 (auto-detected)
22:22:31.464 [AsyncHttpClient-1-2] DEBUG io.netty.buffer.AbstractByteBuf - -Dio.netty.buffer.checkAccessible: true
22:22:31.464 [AsyncHttpClient-1-2] DEBUG io.netty.buffer.AbstractByteBuf - -Dio.netty.buffer.checkBounds: true
22:22:31.464 [AsyncHttpClient-1-2] DEBUG io.netty.util.ResourceLeakDetectorFactory - Loaded default ResourceLeakDetector: io.netty.util.ResourceLeakDetector@14791406
22:22:31.475 [AsyncHttpClient-1-2] DEBUG org.asynchttpclient.netty.channel.NettyConnectListener - Using new Channel '[id: 0xe00d875d, L:/127.0.0.1:51149 - R:localhost/127.0.0.1:11074]' for 'POST' to '/session'
22:22:31.489 [AsyncHttpClient-1-2] DEBUG io.netty.util.Recycler - -Dio.netty.recycler.maxCapacityPerThread: 4096
22:22:31.489 [AsyncHttpClient-1-2] DEBUG io.netty.util.Recycler - -Dio.netty.recycler.ratio: 8
22:22:31.489 [AsyncHttpClient-1-2] DEBUG io.netty.util.Recycler - -Dio.netty.recycler.chunkSize: 32
22:22:31.489 [AsyncHttpClient-1-2] DEBUG io.netty.util.Recycler - -Dio.netty.recycler.blocking: false
22:22:33.179 [AsyncHttpClient-1-2] DEBUG io.netty.handler.codec.compression.Brotli - brotli4j not in the classpath; Brotli support will be unavailable.
22:22:33.179 [AsyncHttpClient-1-2] DEBUG org.asynchttpclient.netty.handler.HttpHandler - 

Request DefaultHttpRequest(decodeResult: success, version: HTTP/1.1)
POST /session HTTP/1.1
User-Agent: selenium/4.8.1 (java mac)
Content-Length: 507
Content-Type: application/json; charset=utf-8
host: localhost:11074
accept: */*

Response DefaultHttpResponse(decodeResult: success, version: HTTP/1.1)
HTTP/1.1 200 OK
Content-Length: 869
Content-Type: application/json; charset=utf-8
cache-control: no-cache

22:22:33.188 [AsyncHttpClient-1-2] DEBUG org.asynchttpclient.netty.channel.ChannelManager - Adding key: http://localhost:11074 for channel [id: 0xe00d875d, L:/127.0.0.1:51149 - R:localhost/127.0.0.1:11074]
22:22:33.278 [AsyncHttpClient-1-3] DEBUG org.asynchttpclient.netty.channel.NettyConnectListener - Using new Channel '[id: 0x020e3808, L:/127.0.0.1:51154 - R:localhost/127.0.0.1:51150]' for 'GET' to '/json/version'
22:22:33.282 [AsyncHttpClient-1-3] DEBUG org.asynchttpclient.netty.handler.HttpHandler - 

Request DefaultFullHttpRequest(decodeResult: success, version: HTTP/1.1, content: EmptyByteBufBE)
GET /json/version HTTP/1.1
User-Agent: selenium/4.8.1 (java mac)
host: localhost:51150
accept: */*

Response DefaultHttpResponse(decodeResult: success, version: HTTP/1.1)
HTTP/1.1 200 OK
Content-Security-Policy: frame-ancestors 'none'
Content-Length: 422
Content-Type: application/json; charset=UTF-8

22:22:33.283 [AsyncHttpClient-1-3] DEBUG org.asynchttpclient.netty.channel.ChannelManager - Adding key: http://localhost:51150 for channel [id: 0x020e3808, L:/127.0.0.1:51154 - R:localhost/127.0.0.1:51150]
22:22:33.284 [AsyncHttpClient-1-1] DEBUG org.asynchttpclient.netty.channel.DefaultChannelPool - Entry count for : http://localhost:51150 : 1
22:22:33.284 [AsyncHttpClient-1-1] DEBUG org.asynchttpclient.netty.channel.DefaultChannelPool - Entry count for : http://localhost:11074 : 1
22:22:33.296 [main] DEBUG io.netty.util.internal.ThreadLocalRandom - -Dio.netty.initialSeedUniquifier: 0xf038660834653bf1
22:22:33.301 [AsyncHttpClient-1-4] DEBUG org.asynchttpclient.netty.channel.NettyConnectListener - Using new Channel '[id: 0xf7123959, L:/127.0.0.1:51155 - R:localhost/127.0.0.1:51150]' for 'GET' to '/devtools/browser/3c5be029-b4f6-4408-a06b-691c0f9cea69'
22:22:33.306 [AsyncHttpClient-1-4] DEBUG org.asynchttpclient.netty.handler.WebSocketHandler - 

Request DefaultFullHttpRequest(decodeResult: success, version: HTTP/1.1, content: EmptyByteBufBE)
GET /devtools/browser/3c5be029-b4f6-4408-a06b-691c0f9cea69 HTTP/1.1
upgrade: websocket
connection: upgrade
sec-websocket-key: z4AeiRxMYXhuCClDKfkOig==
sec-websocket-version: 13
origin: http://localhost:51150
host: localhost:51150
accept: */*
user-agent: AHC/2.1

Response DefaultHttpResponse(decodeResult: success, version: HTTP/1.1)
HTTP/1.1 101 WebSocket Protocol Handshake
Upgrade: WebSocket
Connection: Upgrade
Sec-WebSocket-Accept: uWbS1zBj9VBvIDuhZV4WQaAKml8=

22:22:33.512 [Forwarding get on session bd25e94c2039419efa6dce90e0c58508 to remote] DEBUG org.asynchttpclient.netty.request.NettyRequestSender - Using pooled Channel '[id: 0xe00d875d, L:/127.0.0.1:51149 - R:localhost/127.0.0.1:11074]' for 'POST' to 'http://localhost:11074/session/bd25e94c2039419efa6dce90e0c58508/url'
22:22:33.512 [Forwarding get on session bd25e94c2039419efa6dce90e0c58508 to remote] DEBUG org.asynchttpclient.netty.request.NettyRequestSender - Using open Channel [id: 0xe00d875d, L:/127.0.0.1:51149 - R:localhost/127.0.0.1:11074] for POST '/session/bd25e94c2039419efa6dce90e0c58508/url'
22:22:34.336 [AsyncHttpClient-1-2] DEBUG org.asynchttpclient.netty.handler.HttpHandler - 

Request DefaultHttpRequest(decodeResult: success, version: HTTP/1.1)
POST /session/bd25e94c2039419efa6dce90e0c58508/url HTTP/1.1
User-Agent: selenium/4.8.1 (java mac)
Content-Length: 56
Content-Type: application/json; charset=utf-8
host: localhost:11074
accept: */*

Response DefaultHttpResponse(decodeResult: success, version: HTTP/1.1)
HTTP/1.1 200 OK
Content-Length: 14
Content-Type: application/json; charset=utf-8
cache-control: no-cache

22:22:34.337 [AsyncHttpClient-1-2] DEBUG org.asynchttpclient.netty.channel.ChannelManager - Adding key: http://localhost:11074 for channel [id: 0xe00d875d, L:/127.0.0.1:51149 - R:localhost/127.0.0.1:11074]
22:22:34.345 [Forwarding setTimeout on session bd25e94c2039419efa6dce90e0c58508 to remote] DEBUG org.asynchttpclient.netty.request.NettyRequestSender - Using pooled Channel '[id: 0xe00d875d, L:/127.0.0.1:51149 - R:localhost/127.0.0.1:11074]' for 'POST' to 'http://localhost:11074/session/bd25e94c2039419efa6dce90e0c58508/timeouts'
22:22:34.345 [Forwarding setTimeout on session bd25e94c2039419efa6dce90e0c58508 to remote] DEBUG org.asynchttpclient.netty.request.NettyRequestSender - Using open Channel [id: 0xe00d875d, L:/127.0.0.1:51149 - R:localhost/127.0.0.1:11074] for POST '/session/bd25e94c2039419efa6dce90e0c58508/timeouts'
22:22:34.346 [AsyncHttpClient-1-2] DEBUG org.asynchttpclient.netty.handler.HttpHandler - 

Request DefaultHttpRequest(decodeResult: success, version: HTTP/1.1)
POST /session/bd25e94c2039419efa6dce90e0c58508/timeouts HTTP/1.1
User-Agent: selenium/4.8.1 (java mac)
Content-Length: 22
Content-Type: application/json; charset=utf-8
host: localhost:11074
accept: */*

Response DefaultHttpResponse(decodeResult: success, version: HTTP/1.1)
HTTP/1.1 200 OK
Content-Length: 14
Content-Type: application/json; charset=utf-8
cache-control: no-cache

22:22:34.347 [AsyncHttpClient-1-2] DEBUG org.asynchttpclient.netty.channel.ChannelManager - Adding key: http://localhost:11074 for channel [id: 0xe00d875d, L:/127.0.0.1:51149 - R:localhost/127.0.0.1:11074]
22:22:34.383 [AsyncHttpClient-1-1] DEBUG org.asynchttpclient.netty.channel.DefaultChannelPool - Entry count for : http://localhost:51150 : 1
22:22:34.383 [AsyncHttpClient-1-1] DEBUG org.asynchttpclient.netty.channel.DefaultChannelPool - Entry count for : http://localhost:11074 : 1
22:22:34.393 [main] DEBUG net.serenitybdd.core.photography.Darkroom - Opening darkroom
22:22:34.395 [Darkroom Processing Line] DEBUG net.serenitybdd.core.photography.DarkroomProcessingLine - Darkroom processing line starting up
22:22:34.410 [Forwarding getAlertText on session bd25e94c2039419efa6dce90e0c58508 to remote] DEBUG org.asynchttpclient.netty.request.NettyRequestSender - Using pooled Channel '[id: 0xe00d875d, L:/127.0.0.1:51149 - R:localhost/127.0.0.1:11074]' for 'GET' to 'http://localhost:11074/session/bd25e94c2039419efa6dce90e0c58508/alert/text'
22:22:34.411 [Forwarding getAlertText on session bd25e94c2039419efa6dce90e0c58508 to remote] DEBUG org.asynchttpclient.netty.request.NettyRequestSender - Using open Channel [id: 0xe00d875d, L:/127.0.0.1:51149 - R:localhost/127.0.0.1:11074] for GET '/session/bd25e94c2039419efa6dce90e0c58508/alert/text'
22:22:34.412 [AsyncHttpClient-1-2] DEBUG org.asynchttpclient.netty.handler.HttpHandler - 

Request DefaultFullHttpRequest(decodeResult: success, version: HTTP/1.1, content: EmptyByteBufBE)
GET /session/bd25e94c2039419efa6dce90e0c58508/alert/text HTTP/1.1
User-Agent: selenium/4.8.1 (java mac)
Cache-Control: no-cache
Content-Type: application/json; charset=utf-8
host: localhost:11074
accept: */*

Response DefaultHttpResponse(decodeResult: success, version: HTTP/1.1)
HTTP/1.1 404 Not Found
Content-Length: 1763
Content-Type: application/json; charset=utf-8
cache-control: no-cache

22:22:34.413 [AsyncHttpClient-1-2] DEBUG org.asynchttpclient.netty.channel.ChannelManager - Adding key: http://localhost:11074 for channel [id: 0xe00d875d, L:/127.0.0.1:51149 - R:localhost/127.0.0.1:11074]
22:22:34.422 [Forwarding getCurrentUrl on session bd25e94c2039419efa6dce90e0c58508 to remote] DEBUG org.asynchttpclient.netty.request.NettyRequestSender - Using pooled Channel '[id: 0xe00d875d, L:/127.0.0.1:51149 - R:localhost/127.0.0.1:11074]' for 'GET' to 'http://localhost:11074/session/bd25e94c2039419efa6dce90e0c58508/url'
22:22:34.422 [Forwarding getCurrentUrl on session bd25e94c2039419efa6dce90e0c58508 to remote] DEBUG org.asynchttpclient.netty.request.NettyRequestSender - Using open Channel [id: 0xe00d875d, L:/127.0.0.1:51149 - R:localhost/127.0.0.1:11074] for GET '/session/bd25e94c2039419efa6dce90e0c58508/url'
22:22:34.426 [AsyncHttpClient-1-2] DEBUG org.asynchttpclient.netty.handler.HttpHandler - 

Request DefaultFullHttpRequest(decodeResult: success, version: HTTP/1.1, content: EmptyByteBufBE)
GET /session/bd25e94c2039419efa6dce90e0c58508/url HTTP/1.1
User-Agent: selenium/4.8.1 (java mac)
Cache-Control: no-cache
Content-Type: application/json; charset=utf-8
host: localhost:11074
accept: */*

Response DefaultHttpResponse(decodeResult: success, version: HTTP/1.1)
HTTP/1.1 200 OK
Content-Length: 38
Content-Type: application/json; charset=utf-8
cache-control: no-cache

22:22:34.426 [AsyncHttpClient-1-2] DEBUG org.asynchttpclient.netty.channel.ChannelManager - Adding key: http://localhost:11074 for channel [id: 0xe00d875d, L:/127.0.0.1:51149 - R:localhost/127.0.0.1:11074]
22:22:34.429 [Forwarding screenshot on session bd25e94c2039419efa6dce90e0c58508 to remote] DEBUG org.asynchttpclient.netty.request.NettyRequestSender - Using pooled Channel '[id: 0xe00d875d, L:/127.0.0.1:51149 - R:localhost/127.0.0.1:11074]' for 'GET' to 'http://localhost:11074/session/bd25e94c2039419efa6dce90e0c58508/screenshot'
22:22:34.429 [Forwarding screenshot on session bd25e94c2039419efa6dce90e0c58508 to remote] DEBUG org.asynchttpclient.netty.request.NettyRequestSender - Using open Channel [id: 0xe00d875d, L:/127.0.0.1:51149 - R:localhost/127.0.0.1:11074] for GET '/session/bd25e94c2039419efa6dce90e0c58508/screenshot'
22:22:34.670 [AsyncHttpClient-1-2] DEBUG org.asynchttpclient.netty.handler.HttpHandler - 

Request DefaultFullHttpRequest(decodeResult: success, version: HTTP/1.1, content: EmptyByteBufBE)
GET /session/bd25e94c2039419efa6dce90e0c58508/screenshot HTTP/1.1
User-Agent: selenium/4.8.1 (java mac)
Cache-Control: no-cache
Content-Type: application/json; charset=utf-8
host: localhost:11074
accept: */*

Response DefaultHttpResponse(decodeResult: success, version: HTTP/1.1)
HTTP/1.1 200 OK
Content-Length: 99284
Content-Type: application/json; charset=utf-8
cache-control: no-cache

22:22:34.672 [AsyncHttpClient-1-2] DEBUG org.asynchttpclient.netty.channel.ChannelManager - Adding key: http://localhost:11074 for channel [id: 0xe00d875d, L:/127.0.0.1:51149 - R:localhost/127.0.0.1:11074]
22:22:34.768 [main] DEBUG net.serenitybdd.core.photography.Darkroom - Send negative for processing for target/site/serenity/8ab2e2134025d8e0bce5b8862364738cef94d6e75aed5bcf2a2f49dd096d1787.png
22:22:34.769 [Darkroom Processing Line] DEBUG net.serenitybdd.core.photography.DarkroomProcessingLine - Processing screenshot image in /var/screenshots/screenshot-11853436007385937518
22:22:34.769 [Darkroom Processing Line] DEBUG net.serenitybdd.core.photography.DarkroomProcessingLine - Saving screenshot to target/site/serenity/8ab2e2134025d8e0bce5b8862364738cef94d6e75aed5bcf2a2f49dd096d1787.png
22:22:34.774 [Forwarding getPageSource on session bd25e94c2039419efa6dce90e0c58508 to remote] DEBUG org.asynchttpclient.netty.request.NettyRequestSender - Using pooled Channel '[id: 0xe00d875d, L:/127.0.0.1:51149 - R:localhost/127.0.0.1:11074]' for 'POST' to 'http://localhost:11074/session/bd25e94c2039419efa6dce90e0c58508/execute/sync'
22:22:34.775 [Forwarding getPageSource on session bd25e94c2039419efa6dce90e0c58508 to remote] DEBUG org.asynchttpclient.netty.request.NettyRequestSender - Using open Channel [id: 0xe00d875d, L:/127.0.0.1:51149 - R:localhost/127.0.0.1:11074] for POST '/session/bd25e94c2039419efa6dce90e0c58508/execute/sync'
22:22:34.780 [AsyncHttpClient-1-2] DEBUG org.asynchttpclient.netty.handler.HttpHandler - 

Request DefaultHttpRequest(decodeResult: success, version: HTTP/1.1)
POST /session/bd25e94c2039419efa6dce90e0c58508/execute/sync HTTP/1.1
User-Agent: selenium/4.8.1 (java mac)
Content-Length: 176
Content-Type: application/json; charset=utf-8
host: localhost:11074
accept: */*

Response DefaultHttpResponse(decodeResult: success, version: HTTP/1.1)
HTTP/1.1 200 OK
Content-Length: 4286
Content-Type: application/json; charset=utf-8
cache-control: no-cache

22:22:34.780 [AsyncHttpClient-1-2] DEBUG org.asynchttpclient.netty.channel.ChannelManager - Adding key: http://localhost:11074 for channel [id: 0xe00d875d, L:/127.0.0.1:51149 - R:localhost/127.0.0.1:11074]
22:22:34.842 [Forwarding getCurrentUrl on session bd25e94c2039419efa6dce90e0c58508 to remote] DEBUG org.asynchttpclient.netty.request.NettyRequestSender - Using pooled Channel '[id: 0xe00d875d, L:/127.0.0.1:51149 - R:localhost/127.0.0.1:11074]' for 'GET' to 'http://localhost:11074/session/bd25e94c2039419efa6dce90e0c58508/url'
22:22:34.842 [Forwarding getCurrentUrl on session bd25e94c2039419efa6dce90e0c58508 to remote] DEBUG org.asynchttpclient.netty.request.NettyRequestSender - Using open Channel [id: 0xe00d875d, L:/127.0.0.1:51149 - R:localhost/127.0.0.1:11074] for GET '/session/bd25e94c2039419efa6dce90e0c58508/url'
22:22:34.846 [AsyncHttpClient-1-2] DEBUG org.asynchttpclient.netty.handler.HttpHandler - 

Request DefaultFullHttpRequest(decodeResult: success, version: HTTP/1.1, content: EmptyByteBufBE)
GET /session/bd25e94c2039419efa6dce90e0c58508/url HTTP/1.1
User-Agent: selenium/4.8.1 (java mac)
Cache-Control: no-cache
Content-Type: application/json; charset=utf-8
host: localhost:11074
accept: */*

Response DefaultHttpResponse(decodeResult: success, version: HTTP/1.1)
HTTP/1.1 200 OK
Content-Length: 38
Content-Type: application/json; charset=utf-8
cache-control: no-cache

22:22:34.846 [AsyncHttpClient-1-2] DEBUG org.asynchttpclient.netty.channel.ChannelManager - Adding key: http://localhost:11074 for channel [id: 0xe00d875d, L:/127.0.0.1:51149 - R:localhost/127.0.0.1:11074]
22:22:34.849 [main] DEBUG net.thucydides.core.steps.StepInterceptor - STARTING STEP: LoginSteps.ontheLoginPage - validateOnLoginPage
22:22:34.861 [Forwarding findElement on session bd25e94c2039419efa6dce90e0c58508 to remote] DEBUG org.asynchttpclient.netty.request.NettyRequestSender - Using pooled Channel '[id: 0xe00d875d, L:/127.0.0.1:51149 - R:localhost/127.0.0.1:11074]' for 'POST' to 'http://localhost:11074/session/bd25e94c2039419efa6dce90e0c58508/element'
22:22:34.861 [Forwarding findElement on session bd25e94c2039419efa6dce90e0c58508 to remote] DEBUG org.asynchttpclient.netty.request.NettyRequestSender - Using open Channel [id: 0xe00d875d, L:/127.0.0.1:51149 - R:localhost/127.0.0.1:11074] for POST '/session/bd25e94c2039419efa6dce90e0c58508/element'
22:22:34.871 [AsyncHttpClient-1-2] DEBUG org.asynchttpclient.netty.handler.HttpHandler - 

Request DefaultHttpRequest(decodeResult: success, version: HTTP/1.1)
POST /session/bd25e94c2039419efa6dce90e0c58508/element HTTP/1.1
User-Agent: selenium/4.8.1 (java mac)
Content-Length: 59
Content-Type: application/json; charset=utf-8
host: localhost:11074
accept: */*

Response DefaultHttpResponse(decodeResult: success, version: HTTP/1.1)
HTTP/1.1 200 OK
Content-Length: 88
Content-Type: application/json; charset=utf-8
cache-control: no-cache

22:22:34.871 [AsyncHttpClient-1-2] DEBUG org.asynchttpclient.netty.channel.ChannelManager - Adding key: http://localhost:11074 for channel [id: 0xe00d875d, L:/127.0.0.1:51149 - R:localhost/127.0.0.1:11074]
22:22:34.882 [Forwarding isElementDisplayed on session bd25e94c2039419efa6dce90e0c58508 to remote] DEBUG org.asynchttpclient.netty.request.NettyRequestSender - Using pooled Channel '[id: 0xe00d875d, L:/127.0.0.1:51149 - R:localhost/127.0.0.1:11074]' for 'POST' to 'http://localhost:11074/session/bd25e94c2039419efa6dce90e0c58508/execute/sync'
22:22:34.882 [Forwarding isElementDisplayed on session bd25e94c2039419efa6dce90e0c58508 to remote] DEBUG org.asynchttpclient.netty.request.NettyRequestSender - Using open Channel [id: 0xe00d875d, L:/127.0.0.1:51149 - R:localhost/127.0.0.1:11074] for POST '/session/bd25e94c2039419efa6dce90e0c58508/execute/sync'
22:22:34.896 [AsyncHttpClient-1-2] DEBUG org.asynchttpclient.netty.handler.HttpHandler - 

Request DefaultHttpRequest(decodeResult: success, version: HTTP/1.1)
POST /session/bd25e94c2039419efa6dce90e0c58508/execute/sync HTTP/1.1
User-Agent: selenium/4.8.1 (java mac)
Content-Length: 48807
Content-Type: application/json; charset=utf-8
host: localhost:11074
accept: */*

Response DefaultHttpResponse(decodeResult: success, version: HTTP/1.1)
HTTP/1.1 200 OK
Content-Length: 14
Content-Type: application/json; charset=utf-8
cache-control: no-cache

22:22:34.896 [AsyncHttpClient-1-2] DEBUG org.asynchttpclient.netty.channel.ChannelManager - Adding key: http://localhost:11074 for channel [id: 0xe00d875d, L:/127.0.0.1:51149 - R:localhost/127.0.0.1:11074]
22:22:34.905 [Forwarding getAlertText on session bd25e94c2039419efa6dce90e0c58508 to remote] DEBUG org.asynchttpclient.netty.request.NettyRequestSender - Using pooled Channel '[id: 0xe00d875d, L:/127.0.0.1:51149 - R:localhost/127.0.0.1:11074]' for 'GET' to 'http://localhost:11074/session/bd25e94c2039419efa6dce90e0c58508/alert/text'
22:22:34.905 [Forwarding getAlertText on session bd25e94c2039419efa6dce90e0c58508 to remote] DEBUG org.asynchttpclient.netty.request.NettyRequestSender - Using open Channel [id: 0xe00d875d, L:/127.0.0.1:51149 - R:localhost/127.0.0.1:11074] for GET '/session/bd25e94c2039419efa6dce90e0c58508/alert/text'
22:22:34.907 [AsyncHttpClient-1-2] DEBUG org.asynchttpclient.netty.handler.HttpHandler - 

Request DefaultFullHttpRequest(decodeResult: success, version: HTTP/1.1, content: EmptyByteBufBE)
GET /session/bd25e94c2039419efa6dce90e0c58508/alert/text HTTP/1.1
User-Agent: selenium/4.8.1 (java mac)
Cache-Control: no-cache
Content-Type: application/json; charset=utf-8
host: localhost:11074
accept: */*

Response DefaultHttpResponse(decodeResult: success, version: HTTP/1.1)
HTTP/1.1 404 Not Found
Content-Length: 1763
Content-Type: application/json; charset=utf-8
cache-control: no-cache

22:22:34.907 [AsyncHttpClient-1-2] DEBUG org.asynchttpclient.netty.channel.ChannelManager - Adding key: http://localhost:11074 for channel [id: 0xe00d875d, L:/127.0.0.1:51149 - R:localhost/127.0.0.1:11074]
22:22:34.909 [Forwarding getCurrentUrl on session bd25e94c2039419efa6dce90e0c58508 to remote] DEBUG org.asynchttpclient.netty.request.NettyRequestSender - Using pooled Channel '[id: 0xe00d875d, L:/127.0.0.1:51149 - R:localhost/127.0.0.1:11074]' for 'GET' to 'http://localhost:11074/session/bd25e94c2039419efa6dce90e0c58508/url'
22:22:34.910 [Forwarding getCurrentUrl on session bd25e94c2039419efa6dce90e0c58508 to remote] DEBUG org.asynchttpclient.netty.request.NettyRequestSender - Using open Channel [id: 0xe00d875d, L:/127.0.0.1:51149 - R:localhost/127.0.0.1:11074] for GET '/session/bd25e94c2039419efa6dce90e0c58508/url'
22:22:34.913 [AsyncHttpClient-1-2] DEBUG org.asynchttpclient.netty.handler.HttpHandler - 

Request DefaultFullHttpRequest(decodeResult: success, version: HTTP/1.1, content: EmptyByteBufBE)
GET /session/bd25e94c2039419efa6dce90e0c58508/url HTTP/1.1
User-Agent: selenium/4.8.1 (java mac)
Cache-Control: no-cache
Content-Type: application/json; charset=utf-8
host: localhost:11074
accept: */*

Response DefaultHttpResponse(decodeResult: success, version: HTTP/1.1)
HTTP/1.1 200 OK
Content-Length: 38
Content-Type: application/json; charset=utf-8
cache-control: no-cache

22:22:34.913 [AsyncHttpClient-1-2] DEBUG org.asynchttpclient.netty.channel.ChannelManager - Adding key: http://localhost:11074 for channel [id: 0xe00d875d, L:/127.0.0.1:51149 - R:localhost/127.0.0.1:11074]
22:22:34.915 [Forwarding screenshot on session bd25e94c2039419efa6dce90e0c58508 to remote] DEBUG org.asynchttpclient.netty.request.NettyRequestSender - Using pooled Channel '[id: 0xe00d875d, L:/127.0.0.1:51149 - R:localhost/127.0.0.1:11074]' for 'GET' to 'http://localhost:11074/session/bd25e94c2039419efa6dce90e0c58508/screenshot'
22:22:34.915 [Forwarding screenshot on session bd25e94c2039419efa6dce90e0c58508 to remote] DEBUG org.asynchttpclient.netty.request.NettyRequestSender - Using open Channel [id: 0xe00d875d, L:/127.0.0.1:51149 - R:localhost/127.0.0.1:11074] for GET '/session/bd25e94c2039419efa6dce90e0c58508/screenshot'
22:22:35.149 [AsyncHttpClient-1-2] DEBUG org.asynchttpclient.netty.handler.HttpHandler - 

Request DefaultFullHttpRequest(decodeResult: success, version: HTTP/1.1, content: EmptyByteBufBE)
GET /session/bd25e94c2039419efa6dce90e0c58508/screenshot HTTP/1.1
User-Agent: selenium/4.8.1 (java mac)
Cache-Control: no-cache
Content-Type: application/json; charset=utf-8
host: localhost:11074
accept: */*

Response DefaultHttpResponse(decodeResult: success, version: HTTP/1.1)
HTTP/1.1 200 OK
Content-Length: 99284
Content-Type: application/json; charset=utf-8
cache-control: no-cache

22:22:35.150 [AsyncHttpClient-1-2] DEBUG org.asynchttpclient.netty.channel.ChannelManager - Adding key: http://localhost:11074 for channel [id: 0xe00d875d, L:/127.0.0.1:51149 - R:localhost/127.0.0.1:11074]
22:22:35.158 [main] DEBUG net.serenitybdd.core.photography.Darkroom - Send negative for processing for target/site/serenity/8ab2e2134025d8e0bce5b8862364738cef94d6e75aed5bcf2a2f49dd096d1787.png
22:22:35.159 [main] DEBUG net.thucydides.core.steps.StepInterceptor - STEP DONE: validateOnLoginPage
  &amp#27;[32mGiven &amp#27;[0m&amp#27;[32mI am on the login page&amp#27;[0m                    &amp#27;[90m# starter.stepdefinitions.LoginSteps.ontheLoginPage()&amp#27;[0m
22:22:35.174 [Forwarding getPageSource on session bd25e94c2039419efa6dce90e0c58508 to remote] DEBUG org.asynchttpclient.netty.request.NettyRequestSender - Using pooled Channel '[id: 0xe00d875d, L:/127.0.0.1:51149 - R:localhost/127.0.0.1:11074]' for 'POST' to 'http://localhost:11074/session/bd25e94c2039419efa6dce90e0c58508/execute/sync'
22:22:35.174 [Forwarding getPageSource on session bd25e94c2039419efa6dce90e0c58508 to remote] DEBUG org.asynchttpclient.netty.request.NettyRequestSender - Using open Channel [id: 0xe00d875d, L:/127.0.0.1:51149 - R:localhost/127.0.0.1:11074] for POST '/session/bd25e94c2039419efa6dce90e0c58508/execute/sync'
22:22:35.178 [AsyncHttpClient-1-2] DEBUG org.asynchttpclient.netty.handler.HttpHandler - 

Request DefaultHttpRequest(decodeResult: success, version: HTTP/1.1)
POST /session/bd25e94c2039419efa6dce90e0c58508/execute/sync HTTP/1.1
User-Agent: selenium/4.8.1 (java mac)
Content-Length: 176
Content-Type: application/json; charset=utf-8
host: localhost:11074
accept: */*

Response DefaultHttpResponse(decodeResult: success, version: HTTP/1.1)
HTTP/1.1 200 OK
Content-Length: 4286
Content-Type: application/json; charset=utf-8
cache-control: no-cache

22:22:35.179 [AsyncHttpClient-1-2] DEBUG org.asynchttpclient.netty.channel.ChannelManager - Adding key: http://localhost:11074 for channel [id: 0xe00d875d, L:/127.0.0.1:51149 - R:localhost/127.0.0.1:11074]
22:22:35.183 [Forwarding getCurrentUrl on session bd25e94c2039419efa6dce90e0c58508 to remote] DEBUG org.asynchttpclient.netty.request.NettyRequestSender - Using pooled Channel '[id: 0xe00d875d, L:/127.0.0.1:51149 - R:localhost/127.0.0.1:11074]' for 'GET' to 'http://localhost:11074/session/bd25e94c2039419efa6dce90e0c58508/url'
22:22:35.183 [Forwarding getCurrentUrl on session bd25e94c2039419efa6dce90e0c58508 to remote] DEBUG org.asynchttpclient.netty.request.NettyRequestSender - Using open Channel [id: 0xe00d875d, L:/127.0.0.1:51149 - R:localhost/127.0.0.1:11074] for GET '/session/bd25e94c2039419efa6dce90e0c58508/url'
22:22:35.186 [AsyncHttpClient-1-2] DEBUG org.asynchttpclient.netty.handler.HttpHandler - 

Request DefaultFullHttpRequest(decodeResult: success, version: HTTP/1.1, content: EmptyByteBufBE)
GET /session/bd25e94c2039419efa6dce90e0c58508/url HTTP/1.1
User-Agent: selenium/4.8.1 (java mac)
Cache-Control: no-cache
Content-Type: application/json; charset=utf-8
host: localhost:11074
accept: */*

Response DefaultHttpResponse(decodeResult: success, version: HTTP/1.1)
HTTP/1.1 200 OK
Content-Length: 38
Content-Type: application/json; charset=utf-8
cache-control: no-cache

22:22:35.187 [AsyncHttpClient-1-2] DEBUG org.asynchttpclient.netty.channel.ChannelManager - Adding key: http://localhost:11074 for channel [id: 0xe00d875d, L:/127.0.0.1:51149 - R:localhost/127.0.0.1:11074]
22:22:35.198 [Forwarding getPageSource on session bd25e94c2039419efa6dce90e0c58508 to remote] DEBUG org.asynchttpclient.netty.request.NettyRequestSender - Using pooled Channel '[id: 0xe00d875d, L:/127.0.0.1:51149 - R:localhost/127.0.0.1:11074]' for 'POST' to 'http://localhost:11074/session/bd25e94c2039419efa6dce90e0c58508/execute/sync'
22:22:35.198 [Forwarding getPageSource on session bd25e94c2039419efa6dce90e0c58508 to remote] DEBUG org.asynchttpclient.netty.request.NettyRequestSender - Using open Channel [id: 0xe00d875d, L:/127.0.0.1:51149 - R:localhost/127.0.0.1:11074] for POST '/session/bd25e94c2039419efa6dce90e0c58508/execute/sync'
22:22:35.202 [AsyncHttpClient-1-2] DEBUG org.asynchttpclient.netty.handler.HttpHandler - 

Request DefaultHttpRequest(decodeResult: success, version: HTTP/1.1)
POST /session/bd25e94c2039419efa6dce90e0c58508/execute/sync HTTP/1.1
User-Agent: selenium/4.8.1 (java mac)
Content-Length: 176
Content-Type: application/json; charset=utf-8
host: localhost:11074
accept: */*

Response DefaultHttpResponse(decodeResult: success, version: HTTP/1.1)
HTTP/1.1 200 OK
Content-Length: 4286
Content-Type: application/json; charset=utf-8
cache-control: no-cache

22:22:35.202 [AsyncHttpClient-1-2] DEBUG org.asynchttpclient.netty.channel.ChannelManager - Adding key: http://localhost:11074 for channel [id: 0xe00d875d, L:/127.0.0.1:51149 - R:localhost/127.0.0.1:11074]
22:22:35.206 [Forwarding getCurrentUrl on session bd25e94c2039419efa6dce90e0c58508 to remote] DEBUG org.asynchttpclient.netty.request.NettyRequestSender - Using pooled Channel '[id: 0xe00d875d, L:/127.0.0.1:51149 - R:localhost/127.0.0.1:11074]' for 'GET' to 'http://localhost:11074/session/bd25e94c2039419efa6dce90e0c58508/url'
22:22:35.206 [Forwarding getCurrentUrl on session bd25e94c2039419efa6dce90e0c58508 to remote] DEBUG org.asynchttpclient.netty.request.NettyRequestSender - Using open Channel [id: 0xe00d875d, L:/127.0.0.1:51149 - R:localhost/127.0.0.1:11074] for GET '/session/bd25e94c2039419efa6dce90e0c58508/url'
22:22:35.210 [AsyncHttpClient-1-2] DEBUG org.asynchttpclient.netty.handler.HttpHandler - 

Request DefaultFullHttpRequest(decodeResult: success, version: HTTP/1.1, content: EmptyByteBufBE)
GET /session/bd25e94c2039419efa6dce90e0c58508/url HTTP/1.1
User-Agent: selenium/4.8.1 (java mac)
Cache-Control: no-cache
Content-Type: application/json; charset=utf-8
host: localhost:11074
accept: */*

Response DefaultHttpResponse(decodeResult: success, version: HTTP/1.1)
HTTP/1.1 200 OK
Content-Length: 38
Content-Type: application/json; charset=utf-8
cache-control: no-cache

22:22:35.210 [AsyncHttpClient-1-2] DEBUG org.asynchttpclient.netty.channel.ChannelManager - Adding key: http://localhost:11074 for channel [id: 0xe00d875d, L:/127.0.0.1:51149 - R:localhost/127.0.0.1:11074]
22:22:35.212 [main] DEBUG net.thucydides.core.steps.StepInterceptor - STARTING STEP: LoginSteps.enterValidUsername - inputUsername
22:22:35.221 [Forwarding findElement on session bd25e94c2039419efa6dce90e0c58508 to remote] DEBUG org.asynchttpclient.netty.request.NettyRequestSender - Using pooled Channel '[id: 0xe00d875d, L:/127.0.0.1:51149 - R:localhost/127.0.0.1:11074]' for 'POST' to 'http://localhost:11074/session/bd25e94c2039419efa6dce90e0c58508/element'
22:22:35.221 [Forwarding findElement on session bd25e94c2039419efa6dce90e0c58508 to remote] DEBUG org.asynchttpclient.netty.request.NettyRequestSender - Using open Channel [id: 0xe00d875d, L:/127.0.0.1:51149 - R:localhost/127.0.0.1:11074] for POST '/session/bd25e94c2039419efa6dce90e0c58508/element'
22:22:35.232 [AsyncHttpClient-1-2] DEBUG org.asynchttpclient.netty.handler.HttpHandler - 

Request DefaultHttpRequest(decodeResult: success, version: HTTP/1.1)
POST /session/bd25e94c2039419efa6dce90e0c58508/element HTTP/1.1
User-Agent: selenium/4.8.1 (java mac)
Content-Length: 56
Content-Type: application/json; charset=utf-8
host: localhost:11074
accept: */*

Response DefaultHttpResponse(decodeResult: success, version: HTTP/1.1)
HTTP/1.1 200 OK
Content-Length: 88
Content-Type: application/json; charset=utf-8
cache-control: no-cache

22:22:35.232 [AsyncHttpClient-1-2] DEBUG org.asynchttpclient.netty.channel.ChannelManager - Adding key: http://localhost:11074 for channel [id: 0xe00d875d, L:/127.0.0.1:51149 - R:localhost/127.0.0.1:11074]
22:22:35.238 [Forwarding clearElement on session bd25e94c2039419efa6dce90e0c58508 to remote] DEBUG org.asynchttpclient.netty.request.NettyRequestSender - Using pooled Channel '[id: 0xe00d875d, L:/127.0.0.1:51149 - R:localhost/127.0.0.1:11074]' for 'POST' to 'http://localhost:11074/session/bd25e94c2039419efa6dce90e0c58508/element/94261ee5-5b61-401d-8e70-b94ee75a7f1e/clear'
22:22:35.239 [Forwarding clearElement on session bd25e94c2039419efa6dce90e0c58508 to remote] DEBUG org.asynchttpclient.netty.request.NettyRequestSender - Using open Channel [id: 0xe00d875d, L:/127.0.0.1:51149 - R:localhost/127.0.0.1:11074] for POST '/session/bd25e94c2039419efa6dce90e0c58508/element/94261ee5-5b61-401d-8e70-b94ee75a7f1e/clear'
22:22:35.263 [AsyncHttpClient-1-2] DEBUG org.asynchttpclient.netty.handler.HttpHandler - 

Request DefaultHttpRequest(decodeResult: success, version: HTTP/1.1)
POST /session/bd25e94c2039419efa6dce90e0c58508/element/94261ee5-5b61-401d-8e70-b94ee75a7f1e/clear HTTP/1.1
User-Agent: selenium/4.8.1 (java mac)
Content-Length: 50
Content-Type: application/json; charset=utf-8
host: localhost:11074
accept: */*

Response DefaultHttpResponse(decodeResult: success, version: HTTP/1.1)
HTTP/1.1 200 OK
Content-Length: 14
Content-Type: application/json; charset=utf-8
cache-control: no-cache

22:22:35.264 [AsyncHttpClient-1-2] DEBUG org.asynchttpclient.netty.channel.ChannelManager - Adding key: http://localhost:11074 for channel [id: 0xe00d875d, L:/127.0.0.1:51149 - R:localhost/127.0.0.1:11074]
22:22:35.270 [Forwarding sendKeysToElement on session bd25e94c2039419efa6dce90e0c58508 to remote] DEBUG org.asynchttpclient.netty.request.NettyRequestSender - Using pooled Channel '[id: 0xe00d875d, L:/127.0.0.1:51149 - R:localhost/127.0.0.1:11074]' for 'POST' to 'http://localhost:11074/session/bd25e94c2039419efa6dce90e0c58508/element/94261ee5-5b61-401d-8e70-b94ee75a7f1e/value'
22:22:35.270 [Forwarding sendKeysToElement on session bd25e94c2039419efa6dce90e0c58508 to remote] DEBUG org.asynchttpclient.netty.request.NettyRequestSender - Using open Channel [id: 0xe00d875d, L:/127.0.0.1:51149 - R:localhost/127.0.0.1:11074] for POST '/session/bd25e94c2039419efa6dce90e0c58508/element/94261ee5-5b61-401d-8e70-b94ee75a7f1e/value'
22:22:35.444 [AsyncHttpClient-1-2] DEBUG org.asynchttpclient.netty.handler.HttpHandler - 

Request DefaultHttpRequest(decodeResult: success, version: HTTP/1.1)
POST /session/bd25e94c2039419efa6dce90e0c58508/element/94261ee5-5b61-401d-8e70-b94ee75a7f1e/value HTTP/1.1
User-Agent: selenium/4.8.1 (java mac)
Content-Length: 211
Content-Type: application/json; charset=utf-8
host: localhost:11074
accept: */*

Response DefaultHttpResponse(decodeResult: success, version: HTTP/1.1)
HTTP/1.1 200 OK
Content-Length: 14
Content-Type: application/json; charset=utf-8
cache-control: no-cache

22:22:35.444 [AsyncHttpClient-1-2] DEBUG org.asynchttpclient.netty.channel.ChannelManager - Adding key: http://localhost:11074 for channel [id: 0xe00d875d, L:/127.0.0.1:51149 - R:localhost/127.0.0.1:11074]
22:22:35.457 [Forwarding getAlertText on session bd25e94c2039419efa6dce90e0c58508 to remote] DEBUG org.asynchttpclient.netty.request.NettyRequestSender - Using pooled Channel '[id: 0xe00d875d, L:/127.0.0.1:51149 - R:localhost/127.0.0.1:11074]' for 'GET' to 'http://localhost:11074/session/bd25e94c2039419efa6dce90e0c58508/alert/text'
22:22:35.457 [Forwarding getAlertText on session bd25e94c2039419efa6dce90e0c58508 to remote] DEBUG org.asynchttpclient.netty.request.NettyRequestSender - Using open Channel [id: 0xe00d875d, L:/127.0.0.1:51149 - R:localhost/127.0.0.1:11074] for GET '/session/bd25e94c2039419efa6dce90e0c58508/alert/text'
22:22:35.459 [AsyncHttpClient-1-2] DEBUG org.asynchttpclient.netty.handler.HttpHandler - 

Request DefaultFullHttpRequest(decodeResult: success, version: HTTP/1.1, content: EmptyByteBufBE)
GET /session/bd25e94c2039419efa6dce90e0c58508/alert/text HTTP/1.1
User-Agent: selenium/4.8.1 (java mac)
Cache-Control: no-cache
Content-Type: application/json; charset=utf-8
host: localhost:11074
accept: */*

Response DefaultHttpResponse(decodeResult: success, version: HTTP/1.1)
HTTP/1.1 404 Not Found
Content-Length: 1763
Content-Type: application/json; charset=utf-8
cache-control: no-cache

22:22:35.459 [AsyncHttpClient-1-2] DEBUG org.asynchttpclient.netty.channel.ChannelManager - Adding key: http://localhost:11074 for channel [id: 0xe00d875d, L:/127.0.0.1:51149 - R:localhost/127.0.0.1:11074]
22:22:35.462 [Forwarding getCurrentUrl on session bd25e94c2039419efa6dce90e0c58508 to remote] DEBUG org.asynchttpclient.netty.request.NettyRequestSender - Using pooled Channel '[id: 0xe00d875d, L:/127.0.0.1:51149 - R:localhost/127.0.0.1:11074]' for 'GET' to 'http://localhost:11074/session/bd25e94c2039419efa6dce90e0c58508/url'
22:22:35.462 [Forwarding getCurrentUrl on session bd25e94c2039419efa6dce90e0c58508 to remote] DEBUG org.asynchttpclient.netty.request.NettyRequestSender - Using open Channel [id: 0xe00d875d, L:/127.0.0.1:51149 - R:localhost/127.0.0.1:11074] for GET '/session/bd25e94c2039419efa6dce90e0c58508/url'
22:22:35.467 [AsyncHttpClient-1-2] DEBUG org.asynchttpclient.netty.handler.HttpHandler - 

Request DefaultFullHttpRequest(decodeResult: success, version: HTTP/1.1, content: EmptyByteBufBE)
GET /session/bd25e94c2039419efa6dce90e0c58508/url HTTP/1.1
User-Agent: selenium/4.8.1 (java mac)
Cache-Control: no-cache
Content-Type: application/json; charset=utf-8
host: localhost:11074
accept: */*

Response DefaultHttpResponse(decodeResult: success, version: HTTP/1.1)
HTTP/1.1 200 OK
Content-Length: 38
Content-Type: application/json; charset=utf-8
cache-control: no-cache

22:22:35.467 [AsyncHttpClient-1-2] DEBUG org.asynchttpclient.netty.channel.ChannelManager - Adding key: http://localhost:11074 for channel [id: 0xe00d875d, L:/127.0.0.1:51149 - R:localhost/127.0.0.1:11074]
22:22:35.469 [Forwarding screenshot on session bd25e94c2039419efa6dce90e0c58508 to remote] DEBUG org.asynchttpclient.netty.request.NettyRequestSender - Using pooled Channel '[id: 0xe00d875d, L:/127.0.0.1:51149 - R:localhost/127.0.0.1:11074]' for 'GET' to 'http://localhost:11074/session/bd25e94c2039419efa6dce90e0c58508/screenshot'
22:22:35.469 [Forwarding screenshot on session bd25e94c2039419efa6dce90e0c58508 to remote] DEBUG org.asynchttpclient.netty.request.NettyRequestSender - Using open Channel [id: 0xe00d875d, L:/127.0.0.1:51149 - R:localhost/127.0.0.1:11074] for GET '/session/bd25e94c2039419efa6dce90e0c58508/screenshot'
22:22:35.483 [AsyncHttpClient-1-1] DEBUG org.asynchttpclient.netty.channel.DefaultChannelPool - Entry count for : http://localhost:51150 : 1
22:22:35.709 [AsyncHttpClient-1-2] DEBUG org.asynchttpclient.netty.handler.HttpHandler - 

Request DefaultFullHttpRequest(decodeResult: success, version: HTTP/1.1, content: EmptyByteBufBE)
GET /session/bd25e94c2039419efa6dce90e0c58508/screenshot HTTP/1.1
User-Agent: selenium/4.8.1 (java mac)
Cache-Control: no-cache
Content-Type: application/json; charset=utf-8
host: localhost:11074
accept: */*

Response DefaultHttpResponse(decodeResult: success, version: HTTP/1.1)
HTTP/1.1 200 OK
Content-Length: 101520
Content-Type: application/json; charset=utf-8
cache-control: no-cache

22:22:35.711 [AsyncHttpClient-1-2] DEBUG org.asynchttpclient.netty.channel.ChannelManager - Adding key: http://localhost:11074 for channel [id: 0xe00d875d, L:/127.0.0.1:51149 - R:localhost/127.0.0.1:11074]
22:22:35.717 [main] DEBUG net.serenitybdd.core.photography.Darkroom - Send negative for processing for target/site/serenity/222288e35399e918506bacaabd60c4df3044a0c7feb859a8c523b49f092dd4e5.png
22:22:35.717 [Darkroom Processing Line] DEBUG net.serenitybdd.core.photography.DarkroomProcessingLine - Processing screenshot image in /var/screenshots/screenshot-17530439935546902938
22:22:35.717 [Darkroom Processing Line] DEBUG net.serenitybdd.core.photography.DarkroomProcessingLine - Saving screenshot to target/site/serenity/222288e35399e918506bacaabd60c4df3044a0c7feb859a8c523b49f092dd4e5.png
22:22:35.718 [main] DEBUG net.thucydides.core.steps.StepInterceptor - STEP DONE: inputUsername
  &amp#27;[32mWhen &amp#27;[0m&amp#27;[32mI enter valid username&amp#27;[0m                     &amp#27;[90m# starter.stepdefinitions.LoginSteps.enterValidUsername()&amp#27;[0m
22:22:35.728 [Forwarding getPageSource on session bd25e94c2039419efa6dce90e0c58508 to remote] DEBUG org.asynchttpclient.netty.request.NettyRequestSender - Using pooled Channel '[id: 0xe00d875d, L:/127.0.0.1:51149 - R:localhost/127.0.0.1:11074]' for 'POST' to 'http://localhost:11074/session/bd25e94c2039419efa6dce90e0c58508/execute/sync'
22:22:35.728 [Forwarding getPageSource on session bd25e94c2039419efa6dce90e0c58508 to remote] DEBUG org.asynchttpclient.netty.request.NettyRequestSender - Using open Channel [id: 0xe00d875d, L:/127.0.0.1:51149 - R:localhost/127.0.0.1:11074] for POST '/session/bd25e94c2039419efa6dce90e0c58508/execute/sync'
22:22:35.732 [AsyncHttpClient-1-2] DEBUG org.asynchttpclient.netty.handler.HttpHandler - 

Request DefaultHttpRequest(decodeResult: success, version: HTTP/1.1)
POST /session/bd25e94c2039419efa6dce90e0c58508/execute/sync HTTP/1.1
User-Agent: selenium/4.8.1 (java mac)
Content-Length: 176
Content-Type: application/json; charset=utf-8
host: localhost:11074
accept: */*

Response DefaultHttpResponse(decodeResult: success, version: HTTP/1.1)
HTTP/1.1 200 OK
Content-Length: 4299
Content-Type: application/json; charset=utf-8
cache-control: no-cache

22:22:35.733 [AsyncHttpClient-1-2] DEBUG org.asynchttpclient.netty.channel.ChannelManager - Adding key: http://localhost:11074 for channel [id: 0xe00d875d, L:/127.0.0.1:51149 - R:localhost/127.0.0.1:11074]
22:22:35.736 [Forwarding getCurrentUrl on session bd25e94c2039419efa6dce90e0c58508 to remote] DEBUG org.asynchttpclient.netty.request.NettyRequestSender - Using pooled Channel '[id: 0xe00d875d, L:/127.0.0.1:51149 - R:localhost/127.0.0.1:11074]' for 'GET' to 'http://localhost:11074/session/bd25e94c2039419efa6dce90e0c58508/url'
22:22:35.736 [Forwarding getCurrentUrl on session bd25e94c2039419efa6dce90e0c58508 to remote] DEBUG org.asynchttpclient.netty.request.NettyRequestSender - Using open Channel [id: 0xe00d875d, L:/127.0.0.1:51149 - R:localhost/127.0.0.1:11074] for GET '/session/bd25e94c2039419efa6dce90e0c58508/url'
22:22:35.740 [AsyncHttpClient-1-2] DEBUG org.asynchttpclient.netty.handler.HttpHandler - 

Request DefaultFullHttpRequest(decodeResult: success, version: HTTP/1.1, content: EmptyByteBufBE)
GET /session/bd25e94c2039419efa6dce90e0c58508/url HTTP/1.1
User-Agent: selenium/4.8.1 (java mac)
Cache-Control: no-cache
Content-Type: application/json; charset=utf-8
host: localhost:11074
accept: */*

Response DefaultHttpResponse(decodeResult: success, version: HTTP/1.1)
HTTP/1.1 200 OK
Content-Length: 38
Content-Type: application/json; charset=utf-8
cache-control: no-cache

22:22:35.741 [AsyncHttpClient-1-2] DEBUG org.asynchttpclient.netty.channel.ChannelManager - Adding key: http://localhost:11074 for channel [id: 0xe00d875d, L:/127.0.0.1:51149 - R:localhost/127.0.0.1:11074]
22:22:35.753 [Forwarding getPageSource on session bd25e94c2039419efa6dce90e0c58508 to remote] DEBUG org.asynchttpclient.netty.request.NettyRequestSender - Using pooled Channel '[id: 0xe00d875d, L:/127.0.0.1:51149 - R:localhost/127.0.0.1:11074]' for 'POST' to 'http://localhost:11074/session/bd25e94c2039419efa6dce90e0c58508/execute/sync'
22:22:35.753 [Forwarding getPageSource on session bd25e94c2039419efa6dce90e0c58508 to remote] DEBUG org.asynchttpclient.netty.request.NettyRequestSender - Using open Channel [id: 0xe00d875d, L:/127.0.0.1:51149 - R:localhost/127.0.0.1:11074] for POST '/session/bd25e94c2039419efa6dce90e0c58508/execute/sync'
22:22:35.757 [AsyncHttpClient-1-2] DEBUG org.asynchttpclient.netty.handler.HttpHandler - 

Request DefaultHttpRequest(decodeResult: success, version: HTTP/1.1)
POST /session/bd25e94c2039419efa6dce90e0c58508/execute/sync HTTP/1.1
User-Agent: selenium/4.8.1 (java mac)
Content-Length: 176
Content-Type: application/json; charset=utf-8
host: localhost:11074
accept: */*

Response DefaultHttpResponse(decodeResult: success, version: HTTP/1.1)
HTTP/1.1 200 OK
Content-Length: 4299
Content-Type: application/json; charset=utf-8
cache-control: no-cache

22:22:35.757 [AsyncHttpClient-1-2] DEBUG org.asynchttpclient.netty.channel.ChannelManager - Adding key: http://localhost:11074 for channel [id: 0xe00d875d, L:/127.0.0.1:51149 - R:localhost/127.0.0.1:11074]
22:22:35.760 [Forwarding getCurrentUrl on session bd25e94c2039419efa6dce90e0c58508 to remote] DEBUG org.asynchttpclient.netty.request.NettyRequestSender - Using pooled Channel '[id: 0xe00d875d, L:/127.0.0.1:51149 - R:localhost/127.0.0.1:11074]' for 'GET' to 'http://localhost:11074/session/bd25e94c2039419efa6dce90e0c58508/url'
22:22:35.760 [Forwarding getCurrentUrl on session bd25e94c2039419efa6dce90e0c58508 to remote] DEBUG org.asynchttpclient.netty.request.NettyRequestSender - Using open Channel [id: 0xe00d875d, L:/127.0.0.1:51149 - R:localhost/127.0.0.1:11074] for GET '/session/bd25e94c2039419efa6dce90e0c58508/url'
22:22:35.765 [AsyncHttpClient-1-2] DEBUG org.asynchttpclient.netty.handler.HttpHandler - 

Request DefaultFullHttpRequest(decodeResult: success, version: HTTP/1.1, content: EmptyByteBufBE)
GET /session/bd25e94c2039419efa6dce90e0c58508/url HTTP/1.1
User-Agent: selenium/4.8.1 (java mac)
Cache-Control: no-cache
Content-Type: application/json; charset=utf-8
host: localhost:11074
accept: */*

Response DefaultHttpResponse(decodeResult: success, version: HTTP/1.1)
HTTP/1.1 200 OK
Content-Length: 38
Content-Type: application/json; charset=utf-8
cache-control: no-cache

22:22:35.765 [AsyncHttpClient-1-2] DEBUG org.asynchttpclient.netty.channel.ChannelManager - Adding key: http://localhost:11074 for channel [id: 0xe00d875d, L:/127.0.0.1:51149 - R:localhost/127.0.0.1:11074]
22:22:35.767 [main] DEBUG net.thucydides.core.steps.StepInterceptor - STARTING STEP: LoginSteps.enterValidPassword - inputPassword
22:22:35.770 [Forwarding findElement on session bd25e94c2039419efa6dce90e0c58508 to remote] DEBUG org.asynchttpclient.netty.request.NettyRequestSender - Using pooled Channel '[id: 0xe00d875d, L:/127.0.0.1:51149 - R:localhost/127.0.0.1:11074]' for 'POST' to 'http://localhost:11074/session/bd25e94c2039419efa6dce90e0c58508/element'
22:22:35.770 [Forwarding findElement on session bd25e94c2039419efa6dce90e0c58508 to remote] DEBUG org.asynchttpclient.netty.request.NettyRequestSender - Using open Channel [id: 0xe00d875d, L:/127.0.0.1:51149 - R:localhost/127.0.0.1:11074] for POST '/session/bd25e94c2039419efa6dce90e0c58508/element'
22:22:35.780 [AsyncHttpClient-1-2] DEBUG org.asynchttpclient.netty.handler.HttpHandler - 

Request DefaultHttpRequest(decodeResult: success, version: HTTP/1.1)
POST /session/bd25e94c2039419efa6dce90e0c58508/element HTTP/1.1
User-Agent: selenium/4.8.1 (java mac)
Content-Length: 53
Content-Type: application/json; charset=utf-8
host: localhost:11074
accept: */*

Response DefaultHttpResponse(decodeResult: success, version: HTTP/1.1)
HTTP/1.1 200 OK
Content-Length: 88
Content-Type: application/json; charset=utf-8
cache-control: no-cache

22:22:35.781 [AsyncHttpClient-1-2] DEBUG org.asynchttpclient.netty.channel.ChannelManager - Adding key: http://localhost:11074 for channel [id: 0xe00d875d, L:/127.0.0.1:51149 - R:localhost/127.0.0.1:11074]
22:22:35.783 [Forwarding clearElement on session bd25e94c2039419efa6dce90e0c58508 to remote] DEBUG org.asynchttpclient.netty.request.NettyRequestSender - Using pooled Channel '[id: 0xe00d875d, L:/127.0.0.1:51149 - R:localhost/127.0.0.1:11074]' for 'POST' to 'http://localhost:11074/session/bd25e94c2039419efa6dce90e0c58508/element/df90fc9c-0a62-4f1a-9646-8db870b58559/clear'
22:22:35.783 [Forwarding clearElement on session bd25e94c2039419efa6dce90e0c58508 to remote] DEBUG org.asynchttpclient.netty.request.NettyRequestSender - Using open Channel [id: 0xe00d875d, L:/127.0.0.1:51149 - R:localhost/127.0.0.1:11074] for POST '/session/bd25e94c2039419efa6dce90e0c58508/element/df90fc9c-0a62-4f1a-9646-8db870b58559/clear'
22:22:35.808 [AsyncHttpClient-1-2] DEBUG org.asynchttpclient.netty.handler.HttpHandler - 

Request DefaultHttpRequest(decodeResult: success, version: HTTP/1.1)
POST /session/bd25e94c2039419efa6dce90e0c58508/element/df90fc9c-0a62-4f1a-9646-8db870b58559/clear HTTP/1.1
User-Agent: selenium/4.8.1 (java mac)
Content-Length: 50
Content-Type: application/json; charset=utf-8
host: localhost:11074
accept: */*

Response DefaultHttpResponse(decodeResult: success, version: HTTP/1.1)
HTTP/1.1 200 OK
Content-Length: 14
Content-Type: application/json; charset=utf-8
cache-control: no-cache

22:22:35.808 [AsyncHttpClient-1-2] DEBUG org.asynchttpclient.netty.channel.ChannelManager - Adding key: http://localhost:11074 for channel [id: 0xe00d875d, L:/127.0.0.1:51149 - R:localhost/127.0.0.1:11074]
22:22:35.811 [Forwarding sendKeysToElement on session bd25e94c2039419efa6dce90e0c58508 to remote] DEBUG org.asynchttpclient.netty.request.NettyRequestSender - Using pooled Channel '[id: 0xe00d875d, L:/127.0.0.1:51149 - R:localhost/127.0.0.1:11074]' for 'POST' to 'http://localhost:11074/session/bd25e94c2039419efa6dce90e0c58508/element/df90fc9c-0a62-4f1a-9646-8db870b58559/value'
22:22:35.812 [Forwarding sendKeysToElement on session bd25e94c2039419efa6dce90e0c58508 to remote] DEBUG org.asynchttpclient.netty.request.NettyRequestSender - Using open Channel [id: 0xe00d875d, L:/127.0.0.1:51149 - R:localhost/127.0.0.1:11074] for POST '/session/bd25e94c2039419efa6dce90e0c58508/element/df90fc9c-0a62-4f1a-9646-8db870b58559/value'
22:22:35.877 [AsyncHttpClient-1-2] DEBUG org.asynchttpclient.netty.handler.HttpHandler - 

Request DefaultHttpRequest(decodeResult: success, version: HTTP/1.1)
POST /session/bd25e94c2039419efa6dce90e0c58508/element/df90fc9c-0a62-4f1a-9646-8db870b58559/value HTTP/1.1
User-Agent: selenium/4.8.1 (java mac)
Content-Length: 201
Content-Type: application/json; charset=utf-8
host: localhost:11074
accept: */*

Response DefaultHttpResponse(decodeResult: success, version: HTTP/1.1)
HTTP/1.1 200 OK
Content-Length: 14
Content-Type: application/json; charset=utf-8
cache-control: no-cache

22:22:35.877 [AsyncHttpClient-1-2] DEBUG org.asynchttpclient.netty.channel.ChannelManager - Adding key: http://localhost:11074 for channel [id: 0xe00d875d, L:/127.0.0.1:51149 - R:localhost/127.0.0.1:11074]
22:22:35.888 [Forwarding getAlertText on session bd25e94c2039419efa6dce90e0c58508 to remote] DEBUG org.asynchttpclient.netty.request.NettyRequestSender - Using pooled Channel '[id: 0xe00d875d, L:/127.0.0.1:51149 - R:localhost/127.0.0.1:11074]' for 'GET' to 'http://localhost:11074/session/bd25e94c2039419efa6dce90e0c58508/alert/text'
22:22:35.888 [Forwarding getAlertText on session bd25e94c2039419efa6dce90e0c58508 to remote] DEBUG org.asynchttpclient.netty.request.NettyRequestSender - Using open Channel [id: 0xe00d875d, L:/127.0.0.1:51149 - R:localhost/127.0.0.1:11074] for GET '/session/bd25e94c2039419efa6dce90e0c58508/alert/text'
22:22:35.890 [AsyncHttpClient-1-2] DEBUG org.asynchttpclient.netty.handler.HttpHandler - 

Request DefaultFullHttpRequest(decodeResult: success, version: HTTP/1.1, content: EmptyByteBufBE)
GET /session/bd25e94c2039419efa6dce90e0c58508/alert/text HTTP/1.1
User-Agent: selenium/4.8.1 (java mac)
Cache-Control: no-cache
Content-Type: application/json; charset=utf-8
host: localhost:11074
accept: */*

Response DefaultHttpResponse(decodeResult: success, version: HTTP/1.1)
HTTP/1.1 404 Not Found
Content-Length: 1763
Content-Type: application/json; charset=utf-8
cache-control: no-cache

22:22:35.891 [AsyncHttpClient-1-2] DEBUG org.asynchttpclient.netty.channel.ChannelManager - Adding key: http://localhost:11074 for channel [id: 0xe00d875d, L:/127.0.0.1:51149 - R:localhost/127.0.0.1:11074]
22:22:35.893 [Forwarding getCurrentUrl on session bd25e94c2039419efa6dce90e0c58508 to remote] DEBUG org.asynchttpclient.netty.request.NettyRequestSender - Using pooled Channel '[id: 0xe00d875d, L:/127.0.0.1:51149 - R:localhost/127.0.0.1:11074]' for 'GET' to 'http://localhost:11074/session/bd25e94c2039419efa6dce90e0c58508/url'
22:22:35.894 [Forwarding getCurrentUrl on session bd25e94c2039419efa6dce90e0c58508 to remote] DEBUG org.asynchttpclient.netty.request.NettyRequestSender - Using open Channel [id: 0xe00d875d, L:/127.0.0.1:51149 - R:localhost/127.0.0.1:11074] for GET '/session/bd25e94c2039419efa6dce90e0c58508/url'
22:22:35.898 [AsyncHttpClient-1-2] DEBUG org.asynchttpclient.netty.handler.HttpHandler - 

Request DefaultFullHttpRequest(decodeResult: success, version: HTTP/1.1, content: EmptyByteBufBE)
GET /session/bd25e94c2039419efa6dce90e0c58508/url HTTP/1.1
User-Agent: selenium/4.8.1 (java mac)
Cache-Control: no-cache
Content-Type: application/json; charset=utf-8
host: localhost:11074
accept: */*

Response DefaultHttpResponse(decodeResult: success, version: HTTP/1.1)
HTTP/1.1 200 OK
Content-Length: 38
Content-Type: application/json; charset=utf-8
cache-control: no-cache

22:22:35.899 [AsyncHttpClient-1-2] DEBUG org.asynchttpclient.netty.channel.ChannelManager - Adding key: http://localhost:11074 for channel [id: 0xe00d875d, L:/127.0.0.1:51149 - R:localhost/127.0.0.1:11074]
22:22:35.900 [Forwarding screenshot on session bd25e94c2039419efa6dce90e0c58508 to remote] DEBUG org.asynchttpclient.netty.request.NettyRequestSender - Using pooled Channel '[id: 0xe00d875d, L:/127.0.0.1:51149 - R:localhost/127.0.0.1:11074]' for 'GET' to 'http://localhost:11074/session/bd25e94c2039419efa6dce90e0c58508/screenshot'
22:22:35.900 [Forwarding screenshot on session bd25e94c2039419efa6dce90e0c58508 to remote] DEBUG org.asynchttpclient.netty.request.NettyRequestSender - Using open Channel [id: 0xe00d875d, L:/127.0.0.1:51149 - R:localhost/127.0.0.1:11074] for GET '/session/bd25e94c2039419efa6dce90e0c58508/screenshot'
22:22:36.138 [AsyncHttpClient-1-2] DEBUG org.asynchttpclient.netty.handler.HttpHandler - 

Request DefaultFullHttpRequest(decodeResult: success, version: HTTP/1.1, content: EmptyByteBufBE)
GET /session/bd25e94c2039419efa6dce90e0c58508/screenshot HTTP/1.1
User-Agent: selenium/4.8.1 (java mac)
Cache-Control: no-cache
Content-Type: application/json; charset=utf-8
host: localhost:11074
accept: */*

Response DefaultHttpResponse(decodeResult: success, version: HTTP/1.1)
HTTP/1.1 200 OK
Content-Length: 97428
Content-Type: application/json; charset=utf-8
cache-control: no-cache

22:22:36.140 [AsyncHttpClient-1-2] DEBUG org.asynchttpclient.netty.channel.ChannelManager - Adding key: http://localhost:11074 for channel [id: 0xe00d875d, L:/127.0.0.1:51149 - R:localhost/127.0.0.1:11074]
22:22:36.146 [main] DEBUG net.serenitybdd.core.photography.Darkroom - Send negative for processing for target/site/serenity/2ca697b54a261a3d205a2ca651961372dbe699940344f419f4a3879f20703437.png
22:22:36.146 [Darkroom Processing Line] DEBUG net.serenitybdd.core.photography.DarkroomProcessingLine - Processing screenshot image in /var/screenshots/screenshot-9409792550094026596
22:22:36.146 [Darkroom Processing Line] DEBUG net.serenitybdd.core.photography.DarkroomProcessingLine - Saving screenshot to target/site/serenity/2ca697b54a261a3d205a2ca651961372dbe699940344f419f4a3879f20703437.png
22:22:36.146 [main] DEBUG net.thucydides.core.steps.StepInterceptor - STEP DONE: inputPassword
  &amp#27;[32mAnd &amp#27;[0m&amp#27;[32mI enter valid password&amp#27;[0m                      &amp#27;[90m# starter.stepdefinitions.LoginSteps.enterValidPassword()&amp#27;[0m
22:22:36.159 [Forwarding getPageSource on session bd25e94c2039419efa6dce90e0c58508 to remote] DEBUG org.asynchttpclient.netty.request.NettyRequestSender - Using pooled Channel '[id: 0xe00d875d, L:/127.0.0.1:51149 - R:localhost/127.0.0.1:11074]' for 'POST' to 'http://localhost:11074/session/bd25e94c2039419efa6dce90e0c58508/execute/sync'
22:22:36.159 [Forwarding getPageSource on session bd25e94c2039419efa6dce90e0c58508 to remote] DEBUG org.asynchttpclient.netty.request.NettyRequestSender - Using open Channel [id: 0xe00d875d, L:/127.0.0.1:51149 - R:localhost/127.0.0.1:11074] for POST '/session/bd25e94c2039419efa6dce90e0c58508/execute/sync'
22:22:36.164 [AsyncHttpClient-1-2] DEBUG org.asynchttpclient.netty.handler.HttpHandler - 

Request DefaultHttpRequest(decodeResult: success, version: HTTP/1.1)
POST /session/bd25e94c2039419efa6dce90e0c58508/execute/sync HTTP/1.1
User-Agent: selenium/4.8.1 (java mac)
Content-Length: 176
Content-Type: application/json; charset=utf-8
host: localhost:11074
accept: */*

Response DefaultHttpResponse(decodeResult: success, version: HTTP/1.1)
HTTP/1.1 200 OK
Content-Length: 4311
Content-Type: application/json; charset=utf-8
cache-control: no-cache

22:22:36.164 [AsyncHttpClient-1-2] DEBUG org.asynchttpclient.netty.channel.ChannelManager - Adding key: http://localhost:11074 for channel [id: 0xe00d875d, L:/127.0.0.1:51149 - R:localhost/127.0.0.1:11074]
22:22:36.167 [Forwarding getCurrentUrl on session bd25e94c2039419efa6dce90e0c58508 to remote] DEBUG org.asynchttpclient.netty.request.NettyRequestSender - Using pooled Channel '[id: 0xe00d875d, L:/127.0.0.1:51149 - R:localhost/127.0.0.1:11074]' for 'GET' to 'http://localhost:11074/session/bd25e94c2039419efa6dce90e0c58508/url'
22:22:36.167 [Forwarding getCurrentUrl on session bd25e94c2039419efa6dce90e0c58508 to remote] DEBUG org.asynchttpclient.netty.request.NettyRequestSender - Using open Channel [id: 0xe00d875d, L:/127.0.0.1:51149 - R:localhost/127.0.0.1:11074] for GET '/session/bd25e94c2039419efa6dce90e0c58508/url'
22:22:36.171 [AsyncHttpClient-1-2] DEBUG org.asynchttpclient.netty.handler.HttpHandler - 

Request DefaultFullHttpRequest(decodeResult: success, version: HTTP/1.1, content: EmptyByteBufBE)
GET /session/bd25e94c2039419efa6dce90e0c58508/url HTTP/1.1
User-Agent: selenium/4.8.1 (java mac)
Cache-Control: no-cache
Content-Type: application/json; charset=utf-8
host: localhost:11074
accept: */*

Response DefaultHttpResponse(decodeResult: success, version: HTTP/1.1)
HTTP/1.1 200 OK
Content-Length: 38
Content-Type: application/json; charset=utf-8
cache-control: no-cache

22:22:36.171 [AsyncHttpClient-1-2] DEBUG org.asynchttpclient.netty.channel.ChannelManager - Adding key: http://localhost:11074 for channel [id: 0xe00d875d, L:/127.0.0.1:51149 - R:localhost/127.0.0.1:11074]
22:22:36.184 [Forwarding getPageSource on session bd25e94c2039419efa6dce90e0c58508 to remote] DEBUG org.asynchttpclient.netty.request.NettyRequestSender - Using pooled Channel '[id: 0xe00d875d, L:/127.0.0.1:51149 - R:localhost/127.0.0.1:11074]' for 'POST' to 'http://localhost:11074/session/bd25e94c2039419efa6dce90e0c58508/execute/sync'
22:22:36.184 [Forwarding getPageSource on session bd25e94c2039419efa6dce90e0c58508 to remote] DEBUG org.asynchttpclient.netty.request.NettyRequestSender - Using open Channel [id: 0xe00d875d, L:/127.0.0.1:51149 - R:localhost/127.0.0.1:11074] for POST '/session/bd25e94c2039419efa6dce90e0c58508/execute/sync'
22:22:36.190 [AsyncHttpClient-1-2] DEBUG org.asynchttpclient.netty.handler.HttpHandler - 

Request DefaultHttpRequest(decodeResult: success, version: HTTP/1.1)
POST /session/bd25e94c2039419efa6dce90e0c58508/execute/sync HTTP/1.1
User-Agent: selenium/4.8.1 (java mac)
Content-Length: 176
Content-Type: application/json; charset=utf-8
host: localhost:11074
accept: */*

Response DefaultHttpResponse(decodeResult: success, version: HTTP/1.1)
HTTP/1.1 200 OK
Content-Length: 4311
Content-Type: application/json; charset=utf-8
cache-control: no-cache

22:22:36.190 [AsyncHttpClient-1-2] DEBUG org.asynchttpclient.netty.channel.ChannelManager - Adding key: http://localhost:11074 for channel [id: 0xe00d875d, L:/127.0.0.1:51149 - R:localhost/127.0.0.1:11074]
22:22:36.194 [Forwarding getCurrentUrl on session bd25e94c2039419efa6dce90e0c58508 to remote] DEBUG org.asynchttpclient.netty.request.NettyRequestSender - Using pooled Channel '[id: 0xe00d875d, L:/127.0.0.1:51149 - R:localhost/127.0.0.1:11074]' for 'GET' to 'http://localhost:11074/session/bd25e94c2039419efa6dce90e0c58508/url'
22:22:36.194 [Forwarding getCurrentUrl on session bd25e94c2039419efa6dce90e0c58508 to remote] DEBUG org.asynchttpclient.netty.request.NettyRequestSender - Using open Channel [id: 0xe00d875d, L:/127.0.0.1:51149 - R:localhost/127.0.0.1:11074] for GET '/session/bd25e94c2039419efa6dce90e0c58508/url'
22:22:36.198 [AsyncHttpClient-1-2] DEBUG org.asynchttpclient.netty.handler.HttpHandler - 

Request DefaultFullHttpRequest(decodeResult: success, version: HTTP/1.1, content: EmptyByteBufBE)
GET /session/bd25e94c2039419efa6dce90e0c58508/url HTTP/1.1
User-Agent: selenium/4.8.1 (java mac)
Cache-Control: no-cache
Content-Type: application/json; charset=utf-8
host: localhost:11074
accept: */*

Response DefaultHttpResponse(decodeResult: success, version: HTTP/1.1)
HTTP/1.1 200 OK
Content-Length: 38
Content-Type: application/json; charset=utf-8
cache-control: no-cache

22:22:36.199 [AsyncHttpClient-1-2] DEBUG org.asynchttpclient.netty.channel.ChannelManager - Adding key: http://localhost:11074 for channel [id: 0xe00d875d, L:/127.0.0.1:51149 - R:localhost/127.0.0.1:11074]
22:22:36.200 [main] DEBUG net.thucydides.core.steps.StepInterceptor - STARTING STEP: LoginSteps.clickLoginButton - ClickLoginButton
22:22:36.208 [Forwarding findElement on session bd25e94c2039419efa6dce90e0c58508 to remote] DEBUG org.asynchttpclient.netty.request.NettyRequestSender - Using pooled Channel '[id: 0xe00d875d, L:/127.0.0.1:51149 - R:localhost/127.0.0.1:11074]' for 'POST' to 'http://localhost:11074/session/bd25e94c2039419efa6dce90e0c58508/element'
22:22:36.208 [Forwarding findElement on session bd25e94c2039419efa6dce90e0c58508 to remote] DEBUG org.asynchttpclient.netty.request.NettyRequestSender - Using open Channel [id: 0xe00d875d, L:/127.0.0.1:51149 - R:localhost/127.0.0.1:11074] for POST '/session/bd25e94c2039419efa6dce90e0c58508/element'
22:22:36.214 [AsyncHttpClient-1-2] DEBUG org.asynchttpclient.netty.handler.HttpHandler - 

Request DefaultHttpRequest(decodeResult: success, version: HTTP/1.1)
POST /session/bd25e94c2039419efa6dce90e0c58508/element HTTP/1.1
User-Agent: selenium/4.8.1 (java mac)
Content-Length: 59
Content-Type: application/json; charset=utf-8
host: localhost:11074
accept: */*

Response DefaultHttpResponse(decodeResult: success, version: HTTP/1.1)
HTTP/1.1 200 OK
Content-Length: 88
Content-Type: application/json; charset=utf-8
cache-control: no-cache

22:22:36.214 [AsyncHttpClient-1-2] DEBUG org.asynchttpclient.netty.channel.ChannelManager - Adding key: http://localhost:11074 for channel [id: 0xe00d875d, L:/127.0.0.1:51149 - R:localhost/127.0.0.1:11074]
22:22:36.216 [Forwarding getElementTagName on session bd25e94c2039419efa6dce90e0c58508 to remote] DEBUG org.asynchttpclient.netty.request.NettyRequestSender - Using pooled Channel '[id: 0xe00d875d, L:/127.0.0.1:51149 - R:localhost/127.0.0.1:11074]' for 'GET' to 'http://localhost:11074/session/bd25e94c2039419efa6dce90e0c58508/element/6942015e-5b06-4a69-8290-0dffc48db0a0/name'
22:22:36.216 [Forwarding getElementTagName on session bd25e94c2039419efa6dce90e0c58508 to remote] DEBUG org.asynchttpclient.netty.request.NettyRequestSender - Using open Channel [id: 0xe00d875d, L:/127.0.0.1:51149 - R:localhost/127.0.0.1:11074] for GET '/session/bd25e94c2039419efa6dce90e0c58508/element/6942015e-5b06-4a69-8290-0dffc48db0a0/name'
22:22:36.223 [AsyncHttpClient-1-2] DEBUG org.asynchttpclient.netty.handler.HttpHandler - 

Request DefaultFullHttpRequest(decodeResult: success, version: HTTP/1.1, content: EmptyByteBufBE)
GET /session/bd25e94c2039419efa6dce90e0c58508/element/6942015e-5b06-4a69-8290-0dffc48db0a0/name HTTP/1.1
User-Agent: selenium/4.8.1 (java mac)
Cache-Control: no-cache
Content-Type: application/json; charset=utf-8
host: localhost:11074
accept: */*

Response DefaultHttpResponse(decodeResult: success, version: HTTP/1.1)
HTTP/1.1 200 OK
Content-Length: 17
Content-Type: application/json; charset=utf-8
cache-control: no-cache

22:22:36.223 [AsyncHttpClient-1-2] DEBUG org.asynchttpclient.netty.channel.ChannelManager - Adding key: http://localhost:11074 for channel [id: 0xe00d875d, L:/127.0.0.1:51149 - R:localhost/127.0.0.1:11074]
22:22:36.225 [Forwarding getElementTagName on session bd25e94c2039419efa6dce90e0c58508 to remote] DEBUG org.asynchttpclient.netty.request.NettyRequestSender - Using pooled Channel '[id: 0xe00d875d, L:/127.0.0.1:51149 - R:localhost/127.0.0.1:11074]' for 'GET' to 'http://localhost:11074/session/bd25e94c2039419efa6dce90e0c58508/element/6942015e-5b06-4a69-8290-0dffc48db0a0/name'
22:22:36.225 [Forwarding getElementTagName on session bd25e94c2039419efa6dce90e0c58508 to remote] DEBUG org.asynchttpclient.netty.request.NettyRequestSender - Using open Channel [id: 0xe00d875d, L:/127.0.0.1:51149 - R:localhost/127.0.0.1:11074] for GET '/session/bd25e94c2039419efa6dce90e0c58508/element/6942015e-5b06-4a69-8290-0dffc48db0a0/name'
22:22:36.229 [AsyncHttpClient-1-2] DEBUG org.asynchttpclient.netty.handler.HttpHandler - 

Request DefaultFullHttpRequest(decodeResult: success, version: HTTP/1.1, content: EmptyByteBufBE)
GET /session/bd25e94c2039419efa6dce90e0c58508/element/6942015e-5b06-4a69-8290-0dffc48db0a0/name HTTP/1.1
User-Agent: selenium/4.8.1 (java mac)
Cache-Control: no-cache
Content-Type: application/json; charset=utf-8
host: localhost:11074
accept: */*

Response DefaultHttpResponse(decodeResult: success, version: HTTP/1.1)
HTTP/1.1 200 OK
Content-Length: 17
Content-Type: application/json; charset=utf-8
cache-control: no-cache

22:22:36.229 [AsyncHttpClient-1-2] DEBUG org.asynchttpclient.netty.channel.ChannelManager - Adding key: http://localhost:11074 for channel [id: 0xe00d875d, L:/127.0.0.1:51149 - R:localhost/127.0.0.1:11074]
22:22:36.234 [Forwarding isElementEnabled on session bd25e94c2039419efa6dce90e0c58508 to remote] DEBUG org.asynchttpclient.netty.request.NettyRequestSender - Using pooled Channel '[id: 0xe00d875d, L:/127.0.0.1:51149 - R:localhost/127.0.0.1:11074]' for 'GET' to 'http://localhost:11074/session/bd25e94c2039419efa6dce90e0c58508/element/6942015e-5b06-4a69-8290-0dffc48db0a0/enabled'
22:22:36.235 [Forwarding isElementEnabled on session bd25e94c2039419efa6dce90e0c58508 to remote] DEBUG org.asynchttpclient.netty.request.NettyRequestSender - Using open Channel [id: 0xe00d875d, L:/127.0.0.1:51149 - R:localhost/127.0.0.1:11074] for GET '/session/bd25e94c2039419efa6dce90e0c58508/element/6942015e-5b06-4a69-8290-0dffc48db0a0/enabled'
22:22:36.244 [AsyncHttpClient-1-2] DEBUG org.asynchttpclient.netty.handler.HttpHandler - 

Request DefaultFullHttpRequest(decodeResult: success, version: HTTP/1.1, content: EmptyByteBufBE)
GET /session/bd25e94c2039419efa6dce90e0c58508/element/6942015e-5b06-4a69-8290-0dffc48db0a0/enabled HTTP/1.1
User-Agent: selenium/4.8.1 (java mac)
Cache-Control: no-cache
Content-Type: application/json; charset=utf-8
host: localhost:11074
accept: */*

Response DefaultHttpResponse(decodeResult: success, version: HTTP/1.1)
HTTP/1.1 200 OK
Content-Length: 14
Content-Type: application/json; charset=utf-8
cache-control: no-cache

22:22:36.244 [AsyncHttpClient-1-2] DEBUG org.asynchttpclient.netty.channel.ChannelManager - Adding key: http://localhost:11074 for channel [id: 0xe00d875d, L:/127.0.0.1:51149 - R:localhost/127.0.0.1:11074]
22:22:36.246 [Forwarding isElementEnabled on session bd25e94c2039419efa6dce90e0c58508 to remote] DEBUG org.asynchttpclient.netty.request.NettyRequestSender - Using pooled Channel '[id: 0xe00d875d, L:/127.0.0.1:51149 - R:localhost/127.0.0.1:11074]' for 'GET' to 'http://localhost:11074/session/bd25e94c2039419efa6dce90e0c58508/element/6942015e-5b06-4a69-8290-0dffc48db0a0/enabled'
22:22:36.246 [Forwarding isElementEnabled on session bd25e94c2039419efa6dce90e0c58508 to remote] DEBUG org.asynchttpclient.netty.request.NettyRequestSender - Using open Channel [id: 0xe00d875d, L:/127.0.0.1:51149 - R:localhost/127.0.0.1:11074] for GET '/session/bd25e94c2039419efa6dce90e0c58508/element/6942015e-5b06-4a69-8290-0dffc48db0a0/enabled'
22:22:36.255 [AsyncHttpClient-1-2] DEBUG org.asynchttpclient.netty.handler.HttpHandler - 

Request DefaultFullHttpRequest(decodeResult: success, version: HTTP/1.1, content: EmptyByteBufBE)
GET /session/bd25e94c2039419efa6dce90e0c58508/element/6942015e-5b06-4a69-8290-0dffc48db0a0/enabled HTTP/1.1
User-Agent: selenium/4.8.1 (java mac)
Cache-Control: no-cache
Content-Type: application/json; charset=utf-8
host: localhost:11074
accept: */*

Response DefaultHttpResponse(decodeResult: success, version: HTTP/1.1)
HTTP/1.1 200 OK
Content-Length: 14
Content-Type: application/json; charset=utf-8
cache-control: no-cache

22:22:36.256 [AsyncHttpClient-1-2] DEBUG org.asynchttpclient.netty.channel.ChannelManager - Adding key: http://localhost:11074 for channel [id: 0xe00d875d, L:/127.0.0.1:51149 - R:localhost/127.0.0.1:11074]
22:22:36.260 [Forwarding findElement on session bd25e94c2039419efa6dce90e0c58508 to remote] DEBUG org.asynchttpclient.netty.request.NettyRequestSender - Using pooled Channel '[id: 0xe00d875d, L:/127.0.0.1:51149 - R:localhost/127.0.0.1:11074]' for 'POST' to 'http://localhost:11074/session/bd25e94c2039419efa6dce90e0c58508/element'
22:22:36.260 [Forwarding findElement on session bd25e94c2039419efa6dce90e0c58508 to remote] DEBUG org.asynchttpclient.netty.request.NettyRequestSender - Using open Channel [id: 0xe00d875d, L:/127.0.0.1:51149 - R:localhost/127.0.0.1:11074] for POST '/session/bd25e94c2039419efa6dce90e0c58508/element'
22:22:36.273 [AsyncHttpClient-1-2] DEBUG org.asynchttpclient.netty.handler.HttpHandler - 

Request DefaultHttpRequest(decodeResult: success, version: HTTP/1.1)
POST /session/bd25e94c2039419efa6dce90e0c58508/element HTTP/1.1
User-Agent: selenium/4.8.1 (java mac)
Content-Length: 59
Content-Type: application/json; charset=utf-8
host: localhost:11074
accept: */*

Response DefaultHttpResponse(decodeResult: success, version: HTTP/1.1)
HTTP/1.1 200 OK
Content-Length: 88
Content-Type: application/json; charset=utf-8
cache-control: no-cache

22:22:36.274 [AsyncHttpClient-1-2] DEBUG org.asynchttpclient.netty.channel.ChannelManager - Adding key: http://localhost:11074 for channel [id: 0xe00d875d, L:/127.0.0.1:51149 - R:localhost/127.0.0.1:11074]
22:22:36.275 [Forwarding clickElement on session bd25e94c2039419efa6dce90e0c58508 to remote] DEBUG org.asynchttpclient.netty.request.NettyRequestSender - Using pooled Channel '[id: 0xe00d875d, L:/127.0.0.1:51149 - R:localhost/127.0.0.1:11074]' for 'POST' to 'http://localhost:11074/session/bd25e94c2039419efa6dce90e0c58508/element/6942015e-5b06-4a69-8290-0dffc48db0a0/click'
22:22:36.276 [Forwarding clickElement on session bd25e94c2039419efa6dce90e0c58508 to remote] DEBUG org.asynchttpclient.netty.request.NettyRequestSender - Using open Channel [id: 0xe00d875d, L:/127.0.0.1:51149 - R:localhost/127.0.0.1:11074] for POST '/session/bd25e94c2039419efa6dce90e0c58508/element/6942015e-5b06-4a69-8290-0dffc48db0a0/click'
22:22:36.418 [AsyncHttpClient-1-2] DEBUG org.asynchttpclient.netty.handler.HttpHandler - 

Request DefaultHttpRequest(decodeResult: success, version: HTTP/1.1)
POST /session/bd25e94c2039419efa6dce90e0c58508/element/6942015e-5b06-4a69-8290-0dffc48db0a0/click HTTP/1.1
User-Agent: selenium/4.8.1 (java mac)
Content-Length: 50
Content-Type: application/json; charset=utf-8
host: localhost:11074
accept: */*

Response DefaultHttpResponse(decodeResult: success, version: HTTP/1.1)
HTTP/1.1 200 OK
Content-Length: 14
Content-Type: application/json; charset=utf-8
cache-control: no-cache

[...]

22:22:42.280 [AsyncHttpClient-1-5] DEBUG org.asynchttpclient.netty.channel.ChannelManager - Adding key: http://localhost:18317 for channel [id: 0x48f535d0, L:/127.0.0.1:51168 - R:localhost/127.0.0.1:18317]
22:22:42.283 [Forwarding getCurrentUrl on session 948b4502670855ebe7fc09627ef5ca87 to remote] DEBUG org.asynchttpclient.netty.request.NettyRequestSender - Using pooled Channel '[id: 0x48f535d0, L:/127.0.0.1:51168 - R:localhost/127.0.0.1:18317]' for 'GET' to 'http://localhost:18317/session/948b4502670855ebe7fc09627ef5ca87/url'
22:22:42.283 [Forwarding getCurrentUrl on session 948b4502670855ebe7fc09627ef5ca87 to remote] DEBUG org.asynchttpclient.netty.request.NettyRequestSender - Using open Channel [id: 0x48f535d0, L:/127.0.0.1:51168 - R:localhost/127.0.0.1:18317] for GET '/session/948b4502670855ebe7fc09627ef5ca87/url'
22:22:42.287 [AsyncHttpClient-1-5] DEBUG org.asynchttpclient.netty.handler.HttpHandler - 

Request DefaultFullHttpRequest(decodeResult: success, version: HTTP/1.1, content: EmptyByteBufBE)
GET /session/948b4502670855ebe7fc09627ef5ca87/url HTTP/1.1
User-Agent: selenium/4.8.1 (java mac)
Cache-Control: no-cache
Content-Type: application/json; charset=utf-8
host: localhost:18317
accept: */*

Response DefaultHttpResponse(decodeResult: success, version: HTTP/1.1)
HTTP/1.1 200 OK
Content-Length: 38
Content-Type: application/json; charset=utf-8
cache-control: no-cache

22:22:42.287 [AsyncHttpClient-1-5] DEBUG org.asynchttpclient.netty.channel.ChannelManager - Adding key: http://localhost:18317 for channel [id: 0x48f535d0, L:/127.0.0.1:51168 - R:localhost/127.0.0.1:18317]
22:22:42.288 [Forwarding screenshot on session 948b4502670855ebe7fc09627ef5ca87 to remote] DEBUG org.asynchttpclient.netty.request.NettyRequestSender - Using pooled Channel '[id: 0x48f535d0, L:/127.0.0.1:51168 - R:localhost/127.0.0.1:18317]' for 'GET' to 'http://localhost:18317/session/948b4502670855ebe7fc09627ef5ca87/screenshot'
22:22:42.288 [Forwarding screenshot on session 948b4502670855ebe7fc09627ef5ca87 to remote] DEBUG org.asynchttpclient.netty.request.NettyRequestSender - Using open Channel [id: 0x48f535d0, L:/127.0.0.1:51168 - R:localhost/127.0.0.1:18317] for GET '/session/948b4502670855ebe7fc09627ef5ca87/screenshot'
22:22:42.505 [AsyncHttpClient-1-5] DEBUG org.asynchttpclient.netty.handler.HttpHandler - 

Request DefaultFullHttpRequest(decodeResult: success, version: HTTP/1.1, content: EmptyByteBufBE)
GET /session/948b4502670855ebe7fc09627ef5ca87/screenshot HTTP/1.1
User-Agent: selenium/4.8.1 (java mac)
Cache-Control: no-cache
Content-Type: application/json; charset=utf-8
host: localhost:18317
accept: */*

Response DefaultHttpResponse(decodeResult: success, version: HTTP/1.1)
HTTP/1.1 200 OK
Content-Length: 124460
Content-Type: application/json; charset=utf-8
cache-control: no-cache

22:22:42.506 [AsyncHttpClient-1-5] DEBUG org.asynchttpclient.netty.channel.ChannelManager - Adding key: http://localhost:18317 for channel [id: 0x48f535d0, L:/127.0.0.1:51168 - R:localhost/127.0.0.1:18317]
22:22:42.510 [main] DEBUG net.serenitybdd.core.photography.Darkroom - Send negative for processing for target/site/serenity/1457af27b9dfb60d96f5db4e0bf5980efc3d598aeea306d6f70d0682ec0b9813.png
22:22:42.511 [Forwarding getPageSource on session 948b4502670855ebe7fc09627ef5ca87 to remote] DEBUG org.asynchttpclient.netty.request.NettyRequestSender - Using pooled Channel '[id: 0x48f535d0, L:/127.0.0.1:51168 - R:localhost/127.0.0.1:18317]' for 'POST' to 'http://localhost:18317/session/948b4502670855ebe7fc09627ef5ca87/execute/sync'
22:22:42.511 [Forwarding getPageSource on session 948b4502670855ebe7fc09627ef5ca87 to remote] DEBUG org.asynchttpclient.netty.request.NettyRequestSender - Using open Channel [id: 0x48f535d0, L:/127.0.0.1:51168 - R:localhost/127.0.0.1:18317] for POST '/session/948b4502670855ebe7fc09627ef5ca87/execute/sync'
22:22:42.515 [AsyncHttpClient-1-5] DEBUG org.asynchttpclient.netty.handler.HttpHandler - 

Request DefaultHttpRequest(decodeResult: success, version: HTTP/1.1)
POST /session/948b4502670855ebe7fc09627ef5ca87/execute/sync HTTP/1.1
User-Agent: selenium/4.8.1 (java mac)
Content-Length: 176
Content-Type: application/json; charset=utf-8
host: localhost:18317
accept: */*

Response DefaultHttpResponse(decodeResult: success, version: HTTP/1.1)
HTTP/1.1 200 OK
Content-Length: 14819
Content-Type: application/json; charset=utf-8
cache-control: no-cache

22:22:42.515 [AsyncHttpClient-1-5] DEBUG org.asynchttpclient.netty.channel.ChannelManager - Adding key: http://localhost:18317 for channel [id: 0x48f535d0, L:/127.0.0.1:51168 - R:localhost/127.0.0.1:18317]
22:22:42.521 [Forwarding getCurrentUrl on session 948b4502670855ebe7fc09627ef5ca87 to remote] DEBUG org.asynchttpclient.netty.request.NettyRequestSender - Using pooled Channel '[id: 0x48f535d0, L:/127.0.0.1:51168 - R:localhost/127.0.0.1:18317]' for 'GET' to 'http://localhost:18317/session/948b4502670855ebe7fc09627ef5ca87/url'
22:22:42.521 [Forwarding getCurrentUrl on session 948b4502670855ebe7fc09627ef5ca87 to remote] DEBUG org.asynchttpclient.netty.request.NettyRequestSender - Using open Channel [id: 0x48f535d0, L:/127.0.0.1:51168 - R:localhost/127.0.0.1:18317] for GET '/session/948b4502670855ebe7fc09627ef5ca87/url'
22:22:42.524 [AsyncHttpClient-1-5] DEBUG org.asynchttpclient.netty.handler.HttpHandler - 

Request DefaultFullHttpRequest(decodeResult: success, version: HTTP/1.1, content: EmptyByteBufBE)
GET /session/948b4502670855ebe7fc09627ef5ca87/url HTTP/1.1
User-Agent: selenium/4.8.1 (java mac)
Cache-Control: no-cache
Content-Type: application/json; charset=utf-8
host: localhost:18317
accept: */*

Response DefaultHttpResponse(decodeResult: success, version: HTTP/1.1)
HTTP/1.1 200 OK
Content-Length: 38
Content-Type: application/json; charset=utf-8
cache-control: no-cache

22:22:42.524 [AsyncHttpClient-1-5] DEBUG org.asynchttpclient.netty.channel.ChannelManager - Adding key: http://localhost:18317 for channel [id: 0x48f535d0, L:/127.0.0.1:51168 - R:localhost/127.0.0.1:18317]
22:22:42.560 [main] DEBUG net.thucydides.core.steps.StepInterceptor - STARTING STEP: LoginSteps.validateEpicSadfaceError - validateEpicSadfaceError
22:22:42.563 [Forwarding findElement on session 948b4502670855ebe7fc09627ef5ca87 to remote] DEBUG org.asynchttpclient.netty.request.NettyRequestSender - Using pooled Channel '[id: 0x48f535d0, L:/127.0.0.1:51168 - R:localhost/127.0.0.1:18317]' for 'POST' to 'http://localhost:18317/session/948b4502670855ebe7fc09627ef5ca87/element'
22:22:42.563 [Forwarding findElement on session 948b4502670855ebe7fc09627ef5ca87 to remote] DEBUG org.asynchttpclient.netty.request.NettyRequestSender - Using open Channel [id: 0x48f535d0, L:/127.0.0.1:51168 - R:localhost/127.0.0.1:18317] for POST '/session/948b4502670855ebe7fc09627ef5ca87/element'
22:22:42.571 [AsyncHttpClient-1-5] DEBUG org.asynchttpclient.netty.handler.HttpHandler - 

Request DefaultHttpRequest(decodeResult: success, version: HTTP/1.1)
POST /session/948b4502670855ebe7fc09627ef5ca87/element HTTP/1.1
User-Agent: selenium/4.8.1 (java mac)
Content-Length: 65
Content-Type: application/json; charset=utf-8
host: localhost:18317
accept: */*

Response DefaultHttpResponse(decodeResult: success, version: HTTP/1.1)
HTTP/1.1 200 OK
Content-Length: 88
Content-Type: application/json; charset=utf-8
cache-control: no-cache

22:22:42.571 [AsyncHttpClient-1-5] DEBUG org.asynchttpclient.netty.channel.ChannelManager - Adding key: http://localhost:18317 for channel [id: 0x48f535d0, L:/127.0.0.1:51168 - R:localhost/127.0.0.1:18317]
22:22:42.574 [Forwarding isElementDisplayed on session 948b4502670855ebe7fc09627ef5ca87 to remote] DEBUG org.asynchttpclient.netty.request.NettyRequestSender - Using pooled Channel '[id: 0x48f535d0, L:/127.0.0.1:51168 - R:localhost/127.0.0.1:18317]' for 'POST' to 'http://localhost:18317/session/948b4502670855ebe7fc09627ef5ca87/execute/sync'
22:22:42.574 [Forwarding isElementDisplayed on session 948b4502670855ebe7fc09627ef5ca87 to remote] DEBUG org.asynchttpclient.netty.request.NettyRequestSender - Using open Channel [id: 0x48f535d0, L:/127.0.0.1:51168 - R:localhost/127.0.0.1:18317] for POST '/session/948b4502670855ebe7fc09627ef5ca87/execute/sync'
22:22:42.584 [AsyncHttpClient-1-5] DEBUG org.asynchttpclient.netty.handler.HttpHandler - 

Request DefaultHttpRequest(decodeResult: success, version: HTTP/1.1)
POST /session/948b4502670855ebe7fc09627ef5ca87/execute/sync HTTP/1.1
User-Agent: selenium/4.8.1 (java mac)
Content-Length: 48807
Content-Type: application/json; charset=utf-8
host: localhost:18317
accept: */*

Response DefaultHttpResponse(decodeResult: success, version: HTTP/1.1)
HTTP/1.1 200 OK
Content-Length: 14
Content-Type: application/json; charset=utf-8
cache-control: no-cache

22:22:42.584 [AsyncHttpClient-1-5] DEBUG org.asynchttpclient.netty.channel.ChannelManager - Adding key: http://localhost:18317 for channel [id: 0x48f535d0, L:/127.0.0.1:51168 - R:localhost/127.0.0.1:18317]
22:22:42.589 [Forwarding getAlertText on session 948b4502670855ebe7fc09627ef5ca87 to remote] DEBUG org.asynchttpclient.netty.request.NettyRequestSender - Using pooled Channel '[id: 0x48f535d0, L:/127.0.0.1:51168 - R:localhost/127.0.0.1:18317]' for 'GET' to 'http://localhost:18317/session/948b4502670855ebe7fc09627ef5ca87/alert/text'
22:22:42.589 [Forwarding getAlertText on session 948b4502670855ebe7fc09627ef5ca87 to remote] DEBUG org.asynchttpclient.netty.request.NettyRequestSender - Using open Channel [id: 0x48f535d0, L:/127.0.0.1:51168 - R:localhost/127.0.0.1:18317] for GET '/session/948b4502670855ebe7fc09627ef5ca87/alert/text'
22:22:42.591 [AsyncHttpClient-1-5] DEBUG org.asynchttpclient.netty.handler.HttpHandler - 

Request DefaultFullHttpRequest(decodeResult: success, version: HTTP/1.1, content: EmptyByteBufBE)
GET /session/948b4502670855ebe7fc09627ef5ca87/alert/text HTTP/1.1
User-Agent: selenium/4.8.1 (java mac)
Cache-Control: no-cache
Content-Type: application/json; charset=utf-8
host: localhost:18317
accept: */*

Response DefaultHttpResponse(decodeResult: success, version: HTTP/1.1)
HTTP/1.1 404 Not Found
Content-Length: 1763
Content-Type: application/json; charset=utf-8
cache-control: no-cache

22:22:42.591 [AsyncHttpClient-1-5] DEBUG org.asynchttpclient.netty.channel.ChannelManager - Adding key: http://localhost:18317 for channel [id: 0x48f535d0, L:/127.0.0.1:51168 - R:localhost/127.0.0.1:18317]
22:22:42.592 [Forwarding getCurrentUrl on session 948b4502670855ebe7fc09627ef5ca87 to remote] DEBUG org.asynchttpclient.netty.request.NettyRequestSender - Using pooled Channel '[id: 0x48f535d0, L:/127.0.0.1:51168 - R:localhost/127.0.0.1:18317]' for 'GET' to 'http://localhost:18317/session/948b4502670855ebe7fc09627ef5ca87/url'
22:22:42.592 [Forwarding getCurrentUrl on session 948b4502670855ebe7fc09627ef5ca87 to remote] DEBUG org.asynchttpclient.netty.request.NettyRequestSender - Using open Channel [id: 0x48f535d0, L:/127.0.0.1:51168 - R:localhost/127.0.0.1:18317] for GET '/session/948b4502670855ebe7fc09627ef5ca87/url'
22:22:42.595 [AsyncHttpClient-1-5] DEBUG org.asynchttpclient.netty.handler.HttpHandler - 

Request DefaultFullHttpRequest(decodeResult: success, version: HTTP/1.1, content: EmptyByteBufBE)
GET /session/948b4502670855ebe7fc09627ef5ca87/url HTTP/1.1
User-Agent: selenium/4.8.1 (java mac)
Cache-Control: no-cache
Content-Type: application/json; charset=utf-8
host: localhost:18317
accept: */*

Response DefaultHttpResponse(decodeResult: success, version: HTTP/1.1)
HTTP/1.1 200 OK
Content-Length: 38
Content-Type: application/json; charset=utf-8
cache-control: no-cache

22:22:42.595 [AsyncHttpClient-1-5] DEBUG org.asynchttpclient.netty.channel.ChannelManager - Adding key: http://localhost:18317 for channel [id: 0x48f535d0, L:/127.0.0.1:51168 - R:localhost/127.0.0.1:18317]
22:22:42.597 [Forwarding screenshot on session 948b4502670855ebe7fc09627ef5ca87 to remote] DEBUG org.asynchttpclient.netty.request.NettyRequestSender - Using pooled Channel '[id: 0x48f535d0, L:/127.0.0.1:51168 - R:localhost/127.0.0.1:18317]' for 'GET' to 'http://localhost:18317/session/948b4502670855ebe7fc09627ef5ca87/screenshot'
22:22:42.597 [Forwarding screenshot on session 948b4502670855ebe7fc09627ef5ca87 to remote] DEBUG org.asynchttpclient.netty.request.NettyRequestSender - Using open Channel [id: 0x48f535d0, L:/127.0.0.1:51168 - R:localhost/127.0.0.1:18317] for GET '/session/948b4502670855ebe7fc09627ef5ca87/screenshot'
22:22:42.812 [AsyncHttpClient-1-5] DEBUG org.asynchttpclient.netty.handler.HttpHandler - 

Request DefaultFullHttpRequest(decodeResult: success, version: HTTP/1.1, content: EmptyByteBufBE)
GET /session/948b4502670855ebe7fc09627ef5ca87/screenshot HTTP/1.1
User-Agent: selenium/4.8.1 (java mac)
Cache-Control: no-cache
Content-Type: application/json; charset=utf-8
host: localhost:18317
accept: */*

Response DefaultHttpResponse(decodeResult: success, version: HTTP/1.1)
HTTP/1.1 200 OK
Content-Length: 124460
Content-Type: application/json; charset=utf-8
cache-control: no-cache

22:22:42.813 [AsyncHttpClient-1-5] DEBUG org.asynchttpclient.netty.channel.ChannelManager - Adding key: http://localhost:18317 for channel [id: 0x48f535d0, L:/127.0.0.1:51168 - R:localhost/127.0.0.1:18317]
22:22:42.816 [main] DEBUG net.serenitybdd.core.photography.Darkroom - Send negative for processing for target/site/serenity/1457af27b9dfb60d96f5db4e0bf5980efc3d598aeea306d6f70d0682ec0b9813.png
22:22:42.816 [main] DEBUG net.thucydides.core.steps.StepInterceptor - STEP DONE: validateEpicSadfaceError
  &amp#27;[32mThen &amp#27;[0m&amp#27;[32mI will get the Epic sadface error&amp#27;[0m              &amp#27;[90m# starter.stepdefinitions.LoginSteps.validateEpicSadfaceError()&amp#27;[0m
22:22:42.821 [main] INFO  - 
  _____   ___   ___   _____     ___     _     ___   ___   ___   ___  
 |_   _| | __| / __| |_   _|   | _ \   /_\   / __| / __| | __| |   \ 
   | |   | _|  \__ \   | |     |  _/  / _ \  \__ \ \__ \ | _|  | |) |
   |_|   |___| |___/   |_|     |_|   /_/ \_\ |___/ |___/ |___| |___/ 

Incorrect username when attempting to login
----------------------------------------------------------------------
22:22:42.823 [Driver Command Executor] DEBUG org.asynchttpclient.netty.request.NettyRequestSender - Using pooled Channel '[id: 0x48f535d0, L:/127.0.0.1:51168 - R:localhost/127.0.0.1:18317]' for 'DELETE' to 'http://localhost:18317/session/948b4502670855ebe7fc09627ef5ca87'
22:22:42.823 [AsyncHttpClient-1-7] DEBUG org.asynchttpclient.netty.handler.WebSocketHandler - Channel Closed: [id: 0xd1ecff1c, L:/127.0.0.1:51174 ! R:localhost/127.0.0.1:51169] with attribute NettyResponseFuture{currentRetry=0,
	isDone=1,
	isCancelled=0,
	asyncHandler=org.asynchttpclient.ws.WebSocketUpgradeHandler@2043cec6,
	nettyRequest=org.asynchttpclient.netty.request.NettyRequest@654154aa,
	future=java.util.concurrent.CompletableFuture@1220cba1[Completed normally],
	uri=ws://localhost:51169/devtools/browser/59dffb7d-b78f-4087-9119-f2fc28bb9a25,
	keepAlive=true,
	redirectCount=0,
	timeoutsHolder=null,
	inAuth=0,
	touch=1680621759399}
22:22:42.823 [Driver Command Executor] DEBUG org.asynchttpclient.netty.request.NettyRequestSender - Using open Channel [id: 0x48f535d0, L:/127.0.0.1:51168 - R:localhost/127.0.0.1:18317] for DELETE '/session/948b4502670855ebe7fc09627ef5ca87'
22:22:42.823 [AsyncHttpClient-1-7] DEBUG org.asynchttpclient.netty.channel.ChannelManager - Closing Channel [id: 0xd1ecff1c, L:/127.0.0.1:51174 ! R:localhost/127.0.0.1:51169] 
22:22:42.857 [AsyncHttpClient-1-6] DEBUG org.asynchttpclient.netty.handler.HttpHandler - Channel Closed: [id: 0x823dd081, L:/127.0.0.1:51173 ! R:localhost/127.0.0.1:51169] with attribute DISCARD
22:22:42.878 [AsyncHttpClient-1-5] DEBUG org.asynchttpclient.netty.handler.HttpHandler - 

Request DefaultFullHttpRequest(decodeResult: success, version: HTTP/1.1, content: EmptyByteBufBE)
DELETE /session/948b4502670855ebe7fc09627ef5ca87 HTTP/1.1
User-Agent: selenium/4.8.1 (java mac)
Content-Type: application/json; charset=utf-8
host: localhost:18317
accept: */*

Response DefaultHttpResponse(decodeResult: success, version: HTTP/1.1)
HTTP/1.1 200 OK
Content-Length: 14
Content-Type: application/json; charset=utf-8
cache-control: no-cache

22:22:42.878 [AsyncHttpClient-1-5] DEBUG org.asynchttpclient.netty.channel.ChannelManager - Adding key: http://localhost:18317 for channel [id: 0x48f535d0, L:/127.0.0.1:51168 - R:localhost/127.0.0.1:18317]
22:22:42.923 [AsyncHttpClient-1-5] DEBUG org.asynchttpclient.netty.handler.HttpHandler - Channel Closed: [id: 0x48f535d0, L:/127.0.0.1:51168 ! R:localhost/127.0.0.1:18317] with attribute DISCARD
]]></system-out>
    <system-err><![CDATA[Starting ChromeDriver 111.0.5563.64 (c710e93d5b63b7095afe8c2c17df34408078439d-refs/branch-heads/5563@{#995}) on port 18317
Only local connections are allowed.
Please see https://chromedriver.chromium.org/security-considerations for suggestions on keeping ChromeDriver safe.
ChromeDriver was started successfully.
Apr 04, 2023 10:22:39 PM org.openqa.selenium.devtools.CdpVersionFinder findNearestMatch
WARNING: Unable to find an exact match for CDP version 111, so returning the closest version found: 110
]]></system-err>
  </testcase>
  <testcase name="Begin checkout process" classname="login" time="0.086">
    <system-out><![CDATA[
@login
Scenario: Begin checkout process                                           &amp#27;[90m# src/test/resources/features/Login.feature:22&amp#27;[0m
22:22:42.977 [main] DEBUG io.cucumber.core.plugin.SerenityReporter - Running feature from file:///Users/wiyanherraherviana/TaskWebTesting/src/test/resources/features/Login.feature
22:22:42.980 [main] INFO  - 
  _____   ___   ___   _____     ___   _____     _     ___   _____   ___   ___  
 |_   _| | __| / __| |_   _|   / __| |_   _|   /_\   | _ \ |_   _| | __| |   \ 
   | |   | _|  \__ \   | |     \__ \   | |    / _ \  |   /   | |   | _|  | |) |
   |_|   |___| |___/   |_|     |___/   |_|   /_/ \_\ |_|_\   |_|   |___| |___/ 

Begin checkout process(login;begin-checkout-process)
--------------------------------------------------------------------------------
  &amp#27;[32mGiven &amp#27;[0m&amp#27;[32mI am an the home page&amp#27;[0m                                              &amp#27;[90m# starter.stepdefinitions.LoginSteps.anTheHomePage()&amp#27;[0m
  &amp#27;[32mWhen &amp#27;[0m&amp#27;[32mI add items to cart&amp#27;[0m                                                 &amp#27;[90m# starter.stepdefinitions.LoginSteps.addItemsToCart()&amp#27;[0m
22:22:43.033 [main] DEBUG net.thucydides.core.steps.StepInterceptor - STARTING STEP: LoginSteps.clickCartButton - clickCartButton
22:22:43.038 [main] DEBUG net.thucydides.core.steps.StepInterceptor - STEP DONE: clickCartButton
  &amp#27;[32mAnd &amp#27;[0m&amp#27;[32mI click the cart button&amp#27;[0m                                              &amp#27;[90m# starter.stepdefinitions.LoginSteps.clickCartButton()&amp#27;[0m
22:22:43.044 [main] DEBUG net.thucydides.core.steps.StepInterceptor - STARTING STEP: LoginSteps.clickCheckoutButton - clickCheckoutButton
22:22:43.049 [main] DEBUG net.thucydides.core.steps.StepInterceptor - STEP DONE: clickCheckoutButton
  &amp#27;[32mAnd &amp#27;[0m&amp#27;[32mI click the checkout button&amp#27;[0m                                          &amp#27;[90m# starter.stepdefinitions.LoginSteps.clickCheckoutButton()&amp#27;[0m
  &amp#27;[32mThen &amp#27;[0m&amp#27;[32mI should be directed to the checkout-complete page for confirmation&amp#27;[0m &amp#27;[90m# starter.stepdefinitions.LoginSteps.validateCheckoutCompletePage()&amp#27;[0m
22:22:43.058 [main] INFO  - 
  _____   ___   ___   _____     ___     _     ___   ___   ___   ___  
 |_   _| | __| / __| |_   _|   | _ \   /_\   / __| / __| | __| |   \ 
   | |   | _|  \__ \   | |     |  _/  / _ \  \__ \ \__ \ | _|  | |) |
   |_|   |___| |___/   |_|     |_|   /_/ \_\ |___/ |___/ |___| |___/ 

Begin checkout process
----------------------------------------------------------------------
]]></system-out>
  </testcase>
</testsuite>